TN:
SF:/mnt/c/users/gabci/desktop/nhf2/src/exceptions/FileExceptions.h
FN:27,_ZN37ImportInvalidHumanProfessionExceptionC2ERKNSt7__cxx1112basic_stringIcSt11char_traitsIcESaIcEEE
FNDA:0,_ZN37ImportInvalidHumanProfessionExceptionC2ERKNSt7__cxx1112basic_stringIcSt11char_traitsIcESaIcEEE
DA:27,0
end_of_record
SF:/usr/include/c++/11/bits/stl_iterator_base_funcs.h
DA:98,0
DA:104,0
DA:138,0
DA:141,0
end_of_record
SF:/usr/include/c++/11/ext/alloc_traits.h
DA:97,0
DA:98,0
end_of_record
SF:/usr/include/c++/11/bits/basic_string.tcc
FN:206,_ZNSt7__cxx1112basic_stringIcSt11char_traitsIcESaIcEE12_M_constructIPKcEEvT_S8_St20forward_iterator_tag
FNDA:0,_ZNSt7__cxx1112basic_stringIcSt11char_traitsIcESaIcEE12_M_constructIPKcEEvT_S8_St20forward_iterator_tag
FN:1169,_ZStplIcSt11char_traitsIcESaIcEENSt7__cxx1112basic_stringIT_T0_T1_EEPKS5_RKS8_
FNDA:0,_ZStplIcSt11char_traitsIcESaIcEENSt7__cxx1112basic_stringIT_T0_T1_EEPKS5_RKS8_
DA:206,0
DA:211,0
DA:212,0
DA:215,0
DA:217,0
DA:219,0
DA:220,0
DA:225,0
DA:232,0
DA:233,0
DA:1169,0
DA:1178,0
DA:1179,0
DA:1181,0
DA:1182,0
DA:1183,0
DA:1184,0
DA:1185,0
end_of_record
SF:/usr/include/c++/11/ext/new_allocator.h
DA:79,1
DA:82,1
DA:89,148
end_of_record
SF:/usr/include/c++/11/bits/alloc_traits.h
DA:562,0
DA:563,0
end_of_record
SF:/mnt/c/users/gabci/desktop/nhf2/src/creatures/EntityUtils.h
end_of_record
SF:/usr/include/c++/11/bits/basic_string.h
FN:533,_ZNSt7__cxx1112basic_stringIcSt11char_traitsIcESaIcEEC2IS3_EEPKcRKS3_
FNDA:1,_ZNSt7__cxx1112basic_stringIcSt11char_traitsIcESaIcEEC2IS3_EEPKcRKS3_
DA:158,148
DA:164,1
DA:165,1
DA:186,0
DA:187,0
DA:190,0
DA:191,0
DA:194,0
DA:195,0
DA:198,1
DA:201,1
DA:218,0
DA:219,0
DA:222,0
DA:224,0
DA:225,0
DA:299,0
DA:404,0
DA:406,0
DA:448,0
DA:449,0
DA:450,0
DA:533,1
DA:534,1
DA:536,1
DA:539,1
DA:540,1
DA:671,0
DA:672,148
DA:679,833
DA:681,833
DA:920,0
DA:921,0
DA:1213,0
DA:1214,0
DA:1356,833
DA:1387,833
DA:2351,0
DA:2352,0
DA:6248,834
DA:6250,94
DA:6327,740
DA:6329,740
end_of_record
SF:/usr/include/c++/11/bits/allocator.h
DA:156,1
DA:159,1
DA:160,1
DA:174,148
end_of_record
SF:/mnt/c/users/gabci/desktop/nhf2/src/creatures/EntityBase.cpp
FN:6,_ZN8creature10EntityBase10set_healthEi
FNDA:148,_ZN8creature10EntityBase10set_healthEi
FN:10,_ZNK8creature10EntityBase10get_genderEv
FNDA:8,_ZNK8creature10EntityBase10get_genderEv
FN:13,_ZNK8creature10EntityBase9get_stateEv
FNDA:8,_ZNK8creature10EntityBase9get_stateEv
FN:16,_ZN8creature10EntityBaseD0Ev
FNDA:0,_ZN8creature10EntityBaseD0Ev
FN:16,_ZN8creature10EntityBaseD2Ev
FNDA:147,_ZN8creature10EntityBaseD2Ev
FN:19,_ZN8creature10EntityBase9apply_ageEv
FNDA:65,_ZN8creature10EntityBase9apply_ageEv
FN:25,_ZN8creature10EntityBase16set_idle_textureENSt7__cxx1112basic_stringIcSt11char_traitsIcESaIcEEE
FNDA:148,_ZN8creature10EntityBase16set_idle_textureENSt7__cxx1112basic_stringIcSt11char_traitsIcESaIcEEE
FN:37,_ZN8creature10EntityBase18set_attack_textureENSt7__cxx1112basic_stringIcSt11char_traitsIcESaIcEEE
FNDA:148,_ZN8creature10EntityBase18set_attack_textureENSt7__cxx1112basic_stringIcSt11char_traitsIcESaIcEEE
FN:48,_ZN8creature10EntityBase16set_walk_textureENSt7__cxx1112basic_stringIcSt11char_traitsIcESaIcEEE
FNDA:148,_ZN8creature10EntityBase16set_walk_textureENSt7__cxx1112basic_stringIcSt11char_traitsIcESaIcEEE
FN:59,_ZN8creature10EntityBase15set_run_textureENSt7__cxx1112basic_stringIcSt11char_traitsIcESaIcEEE
FNDA:148,_ZN8creature10EntityBase15set_run_textureENSt7__cxx1112basic_stringIcSt11char_traitsIcESaIcEEE
FN:70,_ZN8creature10EntityBase17set_death_textureENSt7__cxx1112basic_stringIcSt11char_traitsIcESaIcEEE
FNDA:148,_ZN8creature10EntityBase17set_death_textureENSt7__cxx1112basic_stringIcSt11char_traitsIcESaIcEEE
FN:81,_ZNK8creature10EntityBase15get_death_timerEv
FNDA:65,_ZNK8creature10EntityBase15get_death_timerEv
FN:84,_ZNK8creature10EntityBase13get_save_nameB5cxx11Ev
FNDA:12,_ZNK8creature10EntityBase13get_save_nameB5cxx11Ev
FN:88,_ZN8creature10EntityBase13set_save_nameERKNSt7__cxx1112basic_stringIcSt11char_traitsIcESaIcEEE
FNDA:94,_ZN8creature10EntityBase13set_save_nameERKNSt7__cxx1112basic_stringIcSt11char_traitsIcESaIcEEE
DA:6,148
DA:7,148
DA:8,148
DA:10,8
DA:11,8
DA:13,8
DA:14,8
DA:16,0
DA:18,0
DA:16,147
DA:18,147
DA:19,65
DA:20,65
DA:21,0
DA:23,65
DA:25,148
DA:26,148
DA:27,148
DA:29,0
DA:35,148
DA:37,148
DA:38,148
DA:39,148
DA:41,0
DA:47,148
DA:48,148
DA:49,148
DA:50,148
DA:52,0
DA:58,148
DA:59,148
DA:60,148
DA:61,148
DA:63,0
DA:69,148
DA:70,148
DA:71,148
DA:72,148
DA:74,0
DA:80,148
DA:81,65
DA:82,65
DA:84,12
DA:85,12
DA:88,94
DA:89,94
DA:90,2
DA:92,93
DA:93,93
end_of_record
SF:/usr/include/c++/11/iostream
end_of_record
SF:/usr/include/c++/11/bits/char_traits.h
DA:356,0
DA:357,0
DA:393,1
DA:396,1
DA:399,1
end_of_record
TN:
SF:/mnt/c/users/gabci/desktop/nhf2/src/creatures/EntityUtils.h
end_of_record
SF:/usr/include/c++/11/bits/basic_string.h
FN:533,_ZNSt7__cxx1112basic_stringIcSt11char_traitsIcESaIcEEC2IS3_EEPKcRKS3_
FNDA:228,_ZNSt7__cxx1112basic_stringIcSt11char_traitsIcESaIcEEC2IS3_EEPKcRKS3_
FN:6132,_ZStplIcSt11char_traitsIcESaIcEENSt7__cxx1112basic_stringIT_T0_T1_EERKS8_PKS5_
FNDA:486,_ZStplIcSt11char_traitsIcESaIcEENSt7__cxx1112basic_stringIT_T0_T1_EERKS8_PKS5_
DA:158,567
DA:164,228
DA:165,228
DA:186,0
DA:187,0
DA:190,0
DA:191,0
DA:194,0
DA:195,0
DA:198,228
DA:201,228
DA:218,0
DA:219,0
DA:222,0
DA:224,0
DA:225,0
DA:400,0
DA:401,0
DA:404,0
DA:406,0
DA:533,228
DA:534,228
DA:536,228
DA:539,228
DA:540,228
DA:671,567
DA:672,567
DA:6132,486
DA:6135,486
DA:6136,486
DA:6137,486
DA:6138,0
end_of_record
SF:/mnt/c/users/gabci/desktop/nhf2/src/Textureable.h
end_of_record
SF:/mnt/c/users/gabci/desktop/nhf2/src/Shadowable.h
FN:73,_ZN10ShadowableD0Ev
FNDA:0,_ZN10ShadowableD0Ev
FN:73,_ZN10ShadowableD2Ev
FNDA:0,_ZN10ShadowableD2Ev
DA:73,0
DA:73,0
end_of_record
SF:/mnt/c/users/gabci/desktop/nhf2/src/creatures/Living.h
end_of_record
SF:/usr/include/c++/11/bits/stl_iterator_base_funcs.h
DA:98,0
DA:104,0
DA:138,0
DA:141,0
end_of_record
SF:/usr/include/c++/11/bits/basic_string.tcc
FN:206,_ZNSt7__cxx1112basic_stringIcSt11char_traitsIcESaIcEE12_M_constructIPcEEvT_S7_St20forward_iterator_tag
FNDA:0,_ZNSt7__cxx1112basic_stringIcSt11char_traitsIcESaIcEE12_M_constructIPcEEvT_S7_St20forward_iterator_tag
FN:206,_ZNSt7__cxx1112basic_stringIcSt11char_traitsIcESaIcEE12_M_constructIPKcEEvT_S8_St20forward_iterator_tag
FNDA:0,_ZNSt7__cxx1112basic_stringIcSt11char_traitsIcESaIcEE12_M_constructIPKcEEvT_S8_St20forward_iterator_tag
DA:206,0
DA:211,0
DA:212,0
DA:215,0
DA:217,0
DA:219,0
DA:220,0
DA:225,0
DA:232,0
DA:233,0
DA:206,0
DA:211,0
DA:212,0
DA:215,0
DA:217,0
DA:219,0
DA:220,0
DA:225,0
DA:232,0
DA:233,0
end_of_record
SF:/usr/include/c++/11/ext/new_allocator.h
DA:79,81
DA:82,228
DA:89,648
end_of_record
SF:/mnt/c/users/gabci/desktop/nhf2/src/creatures/Goat.cpp
FN:7,_ZN8creature4GoatC2Eii
FNDA:81,_ZN8creature4GoatC2Eii
FN:41,_ZN8creature4Goat9goat_idleER5World
FNDA:4,_ZN8creature4Goat9goat_idleER5World
FN:61,_ZN8creature4Goat8goat_runEf
FNDA:18,_ZN8creature4Goat8goat_runEf
FN:81,_ZN8creature4Goat9goat_walkEf
FNDA:18,_ZN8creature4Goat9goat_walkEf
FN:101,_ZN8creature4Goat12update_logicER5Worldf
FNDA:40,_ZN8creature4Goat12update_logicER5Worldf
FN:125,_ZN8creature4Goat10draw_logicERN2sf12RenderWindowEfii
FNDA:40,_ZN8creature4Goat10draw_logicERN2sf12RenderWindowEfii
FN:134,_ZN8creature4Goat3dieEv
FNDA:1,_ZN8creature4Goat3dieEv
FN:138,_ZNK8creature4Goat8get_typeEv
FNDA:33,_ZNK8creature4Goat8get_typeEv
FN:142,_ZN8creature4GoatD0Ev
FNDA:81,_ZN8creature4GoatD0Ev
FN:142,_ZN8creature4GoatD2Ev
FNDA:81,_ZN8creature4GoatD2Ev
DA:7,81
DA:8,81
DA:9,81
DA:10,81
DA:11,81
DA:12,81
DA:13,81
DA:14,81
DA:16,81
DA:17,81
DA:18,31
DA:20,50
DA:23,81
DA:25,81
DA:26,81
DA:27,81
DA:28,81
DA:29,81
DA:30,81
DA:31,81
DA:32,81
DA:33,81
DA:35,81
DA:37,81
DA:38,81
DA:39,81
DA:41,4
DA:42,4
DA:43,4
DA:44,2
DA:46,2
DA:49,4
DA:50,4
DA:51,1
DA:53,3
DA:55,4
DA:58,4
DA:61,18
DA:62,18
DA:63,0
DA:64,0
DA:66,18
DA:67,1
DA:69,17
DA:72,18
DA:73,13
DA:75,5
DA:81,18
DA:82,18
DA:83,0
DA:84,0
DA:86,18
DA:87,9
DA:89,9
DA:92,18
DA:93,18
DA:95,0
DA:101,40
DA:102,40
DA:104,40
DA:105,4
DA:106,4
DA:107,4
DA:108,18
DA:109,18
DA:110,18
DA:111,18
DA:112,18
DA:113,18
DA:118,0
DA:119,0
DA:120,0
DA:121,0
DA:123,40
DA:125,40
DA:126,40
DA:127,40
DA:128,40
DA:129,40
DA:131,40
DA:134,1
DA:135,1
DA:136,1
DA:138,33
DA:139,33
DA:142,81
DA:144,81
DA:142,81
DA:143,81
DA:144,81
end_of_record
SF:/mnt/c/users/gabci/desktop/nhf2/src/creatures/Goat.h
end_of_record
SF:/mnt/c/users/gabci/desktop/nhf2/src/creatures/EntityBase.h
end_of_record
SF:/usr/include/c++/11/iostream
end_of_record
SF:/usr/include/c++/11/bits/char_traits.h
DA:356,0
DA:357,0
DA:393,228
DA:396,228
DA:399,228
end_of_record
SF:/usr/include/c++/11/bits/allocator.h
DA:156,81
DA:159,228
DA:160,228
DA:174,648
end_of_record
SF:/usr/include/c++/11/bits/move.h
end_of_record
TN:
SF:/usr/include/c++/11/iostream
end_of_record
SF:/mnt/c/users/gabci/desktop/nhf2/src/creatures/HostileInterface.cpp
FN:7,_ZN8creature16HostileInterface18set_hostile_configEif
FNDA:21,_ZN8creature16HostileInterface18set_hostile_configEif
FN:14,_ZN8creature16HostileInterface10try_attackEv
FNDA:0,_ZN8creature16HostileInterface10try_attackEv
FN:32,_ZN8creature16HostileInterface12hostile_walkEf
FNDA:0,_ZN8creature16HostileInterface12hostile_walkEf
FN:51,_ZN8creature16HostileInterface11hostile_runEf
FNDA:18,_ZN8creature16HostileInterface11hostile_runEf
FN:72,_ZN8creature16HostileInterface8retargetEPNS_6LivingE
FNDA:2,_ZN8creature16HostileInterface8retargetEPNS_6LivingE
FN:78,_ZNK8creature16HostileInterface13check_aggroedEv
FNDA:8,_ZNK8creature16HostileInterface13check_aggroedEv
DA:7,21
DA:8,21
DA:9,21
DA:10,21
DA:11,21
DA:12,21
DA:14,0
DA:15,0
DA:17,0
DA:18,0
DA:20,0
DA:21,0
DA:22,0
DA:23,0
DA:24,0
DA:25,0
DA:26,0
DA:30,0
DA:32,0
DA:33,0
DA:34,0
DA:35,0
DA:37,0
DA:38,0
DA:40,0
DA:43,0
DA:44,0
DA:46,0
DA:49,0
DA:51,18
DA:52,18
DA:53,0
DA:54,0
DA:56,18
DA:57,6
DA:58,6
DA:60,12
DA:61,12
DA:64,18
DA:65,10
DA:67,8
DA:70,18
DA:72,2
DA:73,2
DA:74,0
DA:76,2
DA:77,2
DA:78,8
DA:79,8
end_of_record
TN:
SF:/usr/include/c++/11/bits/allocator.h
DA:156,8
DA:159,8
DA:160,8
DA:174,64
end_of_record
SF:/usr/include/c++/11/bits/move.h
end_of_record
SF:/mnt/c/users/gabci/desktop/nhf2/src/creatures/EntityBase.h
end_of_record
SF:/usr/include/c++/11/iostream
end_of_record
SF:/usr/include/c++/11/bits/char_traits.h
DA:356,0
DA:357,0
DA:393,8
DA:396,8
DA:399,8
end_of_record
SF:/mnt/c/users/gabci/desktop/nhf2/src/creatures/hostiles/Bear.cpp
FN:7,_ZN8creature4BearC2Eii
FNDA:8,_ZN8creature4BearC2Eii
FN:42,_ZN8creature4Bear12update_logicER5Worldf
FNDA:14,_ZN8creature4Bear12update_logicER5Worldf
FN:87,_ZN8creature4Bear10draw_logicERN2sf12RenderWindowEfii
FNDA:10,_ZN8creature4Bear10draw_logicERN2sf12RenderWindowEfii
FN:96,_ZN8creature4Bear3dieEv
FNDA:1,_ZN8creature4Bear3dieEv
FN:100,_ZNK8creature4Bear8get_typeEv
FNDA:2,_ZNK8creature4Bear8get_typeEv
FN:104,_ZN8creature4BearD0Ev
FNDA:8,_ZN8creature4BearD0Ev
FN:104,_ZN8creature4BearD2Ev
FNDA:8,_ZN8creature4BearD2Ev
FN:109,_ZN8creature4Bear13select_targetER5World
FNDA:3,_ZN8creature4Bear13select_targetER5World
DA:7,8
DA:8,8
DA:9,8
DA:10,8
DA:11,8
DA:12,8
DA:13,8
DA:14,8
DA:16,8
DA:17,8
DA:18,2
DA:20,6
DA:23,8
DA:25,8
DA:26,8
DA:27,8
DA:28,8
DA:29,8
DA:30,8
DA:31,8
DA:32,8
DA:33,8
DA:35,8
DA:36,8
DA:37,8
DA:39,8
DA:40,8
DA:42,14
DA:43,14
DA:45,14
DA:46,2
DA:47,2
DA:48,2
DA:50,2
DA:51,2
DA:54,0
DA:55,0
DA:56,0
DA:57,0
DA:58,0
DA:60,0
DA:62,0
DA:67,12
DA:68,12
DA:69,12
DA:70,0
DA:71,0
DA:72,0
DA:75,0
DA:76,0
DA:77,0
DA:78,0
DA:79,0
DA:80,0
DA:81,0
DA:85,14
DA:87,10
DA:88,10
DA:89,10
DA:90,8
DA:91,8
DA:93,10
DA:96,1
DA:97,1
DA:98,1
DA:100,2
DA:101,2
DA:104,8
DA:107,8
DA:104,8
DA:105,8
DA:106,8
DA:107,8
DA:109,3
DA:110,3
DA:111,3
DA:112,0
DA:114,3
end_of_record
SF:/mnt/c/users/gabci/desktop/nhf2/src/Shadowable.h
FN:73,_ZN10ShadowableD0Ev
FNDA:0,_ZN10ShadowableD0Ev
FN:73,_ZN10ShadowableD2Ev
FNDA:0,_ZN10ShadowableD2Ev
DA:73,0
DA:73,0
end_of_record
SF:/mnt/c/users/gabci/desktop/nhf2/src/Textureable.h
end_of_record
SF:/usr/include/c++/11/ext/new_allocator.h
DA:79,8
DA:82,8
DA:89,64
end_of_record
SF:/mnt/c/users/gabci/desktop/nhf2/src/creatures/hostiles/Bear.h
end_of_record
SF:/mnt/c/users/gabci/desktop/nhf2/src/creatures/Living.h
end_of_record
SF:/usr/include/c++/11/bits/basic_string.tcc
FN:206,_ZNSt7__cxx1112basic_stringIcSt11char_traitsIcESaIcEE12_M_constructIPcEEvT_S7_St20forward_iterator_tag
FNDA:0,_ZNSt7__cxx1112basic_stringIcSt11char_traitsIcESaIcEE12_M_constructIPcEEvT_S7_St20forward_iterator_tag
FN:206,_ZNSt7__cxx1112basic_stringIcSt11char_traitsIcESaIcEE12_M_constructIPKcEEvT_S8_St20forward_iterator_tag
FNDA:0,_ZNSt7__cxx1112basic_stringIcSt11char_traitsIcESaIcEE12_M_constructIPKcEEvT_S8_St20forward_iterator_tag
DA:206,0
DA:211,0
DA:212,0
DA:215,0
DA:217,0
DA:219,0
DA:220,0
DA:225,0
DA:232,0
DA:233,0
DA:206,0
DA:211,0
DA:212,0
DA:215,0
DA:217,0
DA:219,0
DA:220,0
DA:225,0
DA:232,0
DA:233,0
end_of_record
SF:/usr/include/c++/11/bits/stl_iterator_base_funcs.h
DA:98,0
DA:104,0
DA:138,0
DA:141,0
end_of_record
SF:/usr/include/c++/11/bits/basic_string.h
FN:533,_ZNSt7__cxx1112basic_stringIcSt11char_traitsIcESaIcEEC2IS3_EEPKcRKS3_
FNDA:8,_ZNSt7__cxx1112basic_stringIcSt11char_traitsIcESaIcEEC2IS3_EEPKcRKS3_
FN:6132,_ZStplIcSt11char_traitsIcESaIcEENSt7__cxx1112basic_stringIT_T0_T1_EERKS8_PKS5_
FNDA:48,_ZStplIcSt11char_traitsIcESaIcEENSt7__cxx1112basic_stringIT_T0_T1_EERKS8_PKS5_
DA:158,56
DA:164,8
DA:165,8
DA:186,0
DA:187,0
DA:190,0
DA:191,0
DA:194,0
DA:195,0
DA:198,8
DA:201,8
DA:218,0
DA:219,0
DA:222,0
DA:224,0
DA:225,0
DA:400,0
DA:401,0
DA:404,0
DA:406,0
DA:533,8
DA:534,8
DA:536,8
DA:539,8
DA:540,8
DA:671,56
DA:672,56
DA:6132,48
DA:6135,48
DA:6136,48
DA:6137,48
DA:6138,0
end_of_record
SF:/mnt/c/users/gabci/desktop/nhf2/src/creatures/EntityUtils.h
end_of_record
SF:/mnt/c/users/gabci/desktop/nhf2/src/creatures/HostileInterface.h
DA:44,8
end_of_record
TN:
SF:/usr/include/c++/11/bits/move.h
end_of_record
SF:/usr/include/c++/11/bits/allocator.h
DA:156,8
DA:159,8
DA:160,8
DA:174,64
end_of_record
SF:/usr/include/c++/11/bits/char_traits.h
DA:356,0
DA:357,0
DA:393,8
DA:396,8
DA:399,8
end_of_record
SF:/usr/include/c++/11/iostream
end_of_record
SF:/mnt/c/users/gabci/desktop/nhf2/src/creatures/EntityBase.h
end_of_record
SF:/usr/include/c++/11/bits/stl_iterator_base_funcs.h
DA:98,0
DA:104,0
DA:138,0
DA:141,0
end_of_record
SF:/mnt/c/users/gabci/desktop/nhf2/src/creatures/Living.h
end_of_record
SF:/usr/include/c++/11/bits/basic_string.tcc
FN:206,_ZNSt7__cxx1112basic_stringIcSt11char_traitsIcESaIcEE12_M_constructIPcEEvT_S7_St20forward_iterator_tag
FNDA:0,_ZNSt7__cxx1112basic_stringIcSt11char_traitsIcESaIcEE12_M_constructIPcEEvT_S7_St20forward_iterator_tag
FN:206,_ZNSt7__cxx1112basic_stringIcSt11char_traitsIcESaIcEE12_M_constructIPKcEEvT_S8_St20forward_iterator_tag
FNDA:0,_ZNSt7__cxx1112basic_stringIcSt11char_traitsIcESaIcEE12_M_constructIPKcEEvT_S8_St20forward_iterator_tag
DA:206,0
DA:211,0
DA:212,0
DA:215,0
DA:217,0
DA:219,0
DA:220,0
DA:225,0
DA:232,0
DA:233,0
DA:206,0
DA:211,0
DA:212,0
DA:215,0
DA:217,0
DA:219,0
DA:220,0
DA:225,0
DA:232,0
DA:233,0
end_of_record
SF:/usr/include/c++/11/ext/new_allocator.h
DA:79,8
DA:82,8
DA:89,64
end_of_record
SF:/mnt/c/users/gabci/desktop/nhf2/src/Textureable.h
end_of_record
SF:/mnt/c/users/gabci/desktop/nhf2/src/creatures/hostiles/Crocodile.cpp
FN:7,_ZN8creature9CrocodileC2Eii
FNDA:8,_ZN8creature9CrocodileC2Eii
FN:42,_ZN8creature9Crocodile12update_logicER5Worldf
FNDA:4,_ZN8creature9Crocodile12update_logicER5Worldf
FN:85,_ZN8creature9Crocodile10draw_logicERN2sf12RenderWindowEfii
FNDA:0,_ZN8creature9Crocodile10draw_logicERN2sf12RenderWindowEfii
FN:94,_ZN8creature9Crocodile3dieEv
FNDA:1,_ZN8creature9Crocodile3dieEv
FN:98,_ZNK8creature9Crocodile8get_typeEv
FNDA:5,_ZNK8creature9Crocodile8get_typeEv
FN:102,_ZN8creature9CrocodileD0Ev
FNDA:8,_ZN8creature9CrocodileD0Ev
FN:102,_ZN8creature9CrocodileD2Ev
FNDA:8,_ZN8creature9CrocodileD2Ev
FN:107,_ZN8creature9Crocodile13select_targetER5World
FNDA:2,_ZN8creature9Crocodile13select_targetER5World
DA:7,8
DA:8,8
DA:9,8
DA:10,8
DA:11,8
DA:12,8
DA:13,8
DA:14,8
DA:16,8
DA:17,8
DA:18,0
DA:20,8
DA:23,8
DA:25,8
DA:26,8
DA:27,8
DA:28,8
DA:29,8
DA:30,8
DA:31,8
DA:32,8
DA:33,8
DA:35,8
DA:36,8
DA:37,8
DA:39,8
DA:40,8
DA:42,4
DA:43,4
DA:45,4
DA:46,1
DA:47,1
DA:48,1
DA:50,1
DA:51,1
DA:54,0
DA:55,0
DA:56,0
DA:57,0
DA:59,0
DA:61,0
DA:65,3
DA:66,3
DA:67,3
DA:68,0
DA:69,0
DA:70,0
DA:73,0
DA:74,0
DA:75,0
DA:76,0
DA:77,0
DA:78,0
DA:79,0
DA:83,4
DA:85,0
DA:86,0
DA:87,0
DA:88,0
DA:89,0
DA:91,0
DA:94,1
DA:95,1
DA:96,1
DA:98,5
DA:99,5
DA:102,8
DA:105,8
DA:102,8
DA:103,8
DA:104,8
DA:105,8
DA:107,2
DA:108,2
DA:110,2
DA:111,0
DA:113,2
end_of_record
SF:/mnt/c/users/gabci/desktop/nhf2/src/Shadowable.h
FN:73,_ZN10ShadowableD0Ev
FNDA:0,_ZN10ShadowableD0Ev
FN:73,_ZN10ShadowableD2Ev
FNDA:0,_ZN10ShadowableD2Ev
DA:73,0
DA:73,0
end_of_record
SF:/mnt/c/users/gabci/desktop/nhf2/src/creatures/hostiles/Crocodile.h
end_of_record
SF:/mnt/c/users/gabci/desktop/nhf2/src/creatures/HostileInterface.h
DA:44,8
end_of_record
SF:/mnt/c/users/gabci/desktop/nhf2/src/creatures/EntityUtils.h
end_of_record
SF:/usr/include/c++/11/bits/basic_string.h
FN:533,_ZNSt7__cxx1112basic_stringIcSt11char_traitsIcESaIcEEC2IS3_EEPKcRKS3_
FNDA:8,_ZNSt7__cxx1112basic_stringIcSt11char_traitsIcESaIcEEC2IS3_EEPKcRKS3_
FN:6132,_ZStplIcSt11char_traitsIcESaIcEENSt7__cxx1112basic_stringIT_T0_T1_EERKS8_PKS5_
FNDA:48,_ZStplIcSt11char_traitsIcESaIcEENSt7__cxx1112basic_stringIT_T0_T1_EERKS8_PKS5_
DA:158,56
DA:164,8
DA:165,8
DA:186,0
DA:187,0
DA:190,0
DA:191,0
DA:194,0
DA:195,0
DA:198,8
DA:201,8
DA:218,0
DA:219,0
DA:222,0
DA:224,0
DA:225,0
DA:400,0
DA:401,0
DA:404,0
DA:406,0
DA:533,8
DA:534,8
DA:536,8
DA:539,8
DA:540,8
DA:671,56
DA:672,56
DA:6132,48
DA:6135,48
DA:6136,48
DA:6137,48
DA:6138,0
end_of_record
TN:
SF:/usr/include/c++/11/bits/allocator.h
DA:156,2
DA:159,2
DA:160,2
DA:174,16
end_of_record
SF:/usr/include/c++/11/bits/move.h
end_of_record
SF:/mnt/c/users/gabci/desktop/nhf2/src/creatures/EntityBase.h
end_of_record
SF:/usr/include/c++/11/bits/char_traits.h
DA:356,0
DA:357,0
DA:393,2
DA:396,2
DA:399,2
end_of_record
SF:/usr/include/c++/11/iostream
end_of_record
SF:/mnt/c/users/gabci/desktop/nhf2/src/Shadowable.h
FN:73,_ZN10ShadowableD0Ev
FNDA:0,_ZN10ShadowableD0Ev
FN:73,_ZN10ShadowableD2Ev
FNDA:0,_ZN10ShadowableD2Ev
DA:73,0
DA:73,0
end_of_record
SF:/mnt/c/users/gabci/desktop/nhf2/src/Textureable.h
end_of_record
SF:/usr/include/c++/11/ext/new_allocator.h
DA:79,2
DA:82,2
DA:89,16
end_of_record
SF:/mnt/c/users/gabci/desktop/nhf2/src/creatures/Living.h
end_of_record
SF:/usr/include/c++/11/bits/basic_string.tcc
FN:206,_ZNSt7__cxx1112basic_stringIcSt11char_traitsIcESaIcEE12_M_constructIPcEEvT_S7_St20forward_iterator_tag
FNDA:0,_ZNSt7__cxx1112basic_stringIcSt11char_traitsIcESaIcEE12_M_constructIPcEEvT_S7_St20forward_iterator_tag
FN:206,_ZNSt7__cxx1112basic_stringIcSt11char_traitsIcESaIcEE12_M_constructIPKcEEvT_S8_St20forward_iterator_tag
FNDA:0,_ZNSt7__cxx1112basic_stringIcSt11char_traitsIcESaIcEE12_M_constructIPKcEEvT_S8_St20forward_iterator_tag
DA:206,0
DA:211,0
DA:212,0
DA:215,0
DA:217,0
DA:219,0
DA:220,0
DA:225,0
DA:232,0
DA:233,0
DA:206,0
DA:211,0
DA:212,0
DA:215,0
DA:217,0
DA:219,0
DA:220,0
DA:225,0
DA:232,0
DA:233,0
end_of_record
SF:/usr/include/c++/11/bits/stl_iterator_base_funcs.h
DA:98,0
DA:104,0
DA:138,0
DA:141,0
end_of_record
SF:/mnt/c/users/gabci/desktop/nhf2/src/creatures/hostiles/KillerRobot.h
end_of_record
SF:/mnt/c/users/gabci/desktop/nhf2/src/creatures/hostiles/KillerRobot.cpp
FN:7,_ZN8creature11KillerRobotC2Eii
FNDA:2,_ZN8creature11KillerRobotC2Eii
FN:37,_ZN8creature11KillerRobot12update_logicER5Worldf
FNDA:4,_ZN8creature11KillerRobot12update_logicER5Worldf
FN:72,_ZN8creature11KillerRobot10draw_logicERN2sf12RenderWindowEfii
FNDA:0,_ZN8creature11KillerRobot10draw_logicERN2sf12RenderWindowEfii
FN:81,_ZN8creature11KillerRobot3dieEv
FNDA:1,_ZN8creature11KillerRobot3dieEv
FN:85,_ZNK8creature11KillerRobot8get_typeEv
FNDA:1,_ZNK8creature11KillerRobot8get_typeEv
FN:89,_ZN8creature11KillerRobotD0Ev
FNDA:2,_ZN8creature11KillerRobotD0Ev
FN:89,_ZN8creature11KillerRobotD2Ev
FNDA:2,_ZN8creature11KillerRobotD2Ev
FN:94,_ZN8creature11KillerRobot13select_targetER5World
FNDA:2,_ZN8creature11KillerRobot13select_targetER5World
DA:7,2
DA:8,2
DA:9,2
DA:10,2
DA:11,2
DA:12,2
DA:13,2
DA:14,2
DA:16,2
DA:18,2
DA:20,2
DA:21,2
DA:22,2
DA:23,2
DA:24,2
DA:25,2
DA:26,2
DA:27,2
DA:28,2
DA:30,2
DA:31,2
DA:32,2
DA:34,2
DA:35,2
DA:37,4
DA:38,4
DA:40,4
DA:41,1
DA:42,1
DA:43,1
DA:45,1
DA:46,1
DA:48,0
DA:52,3
DA:53,3
DA:54,3
DA:55,0
DA:56,0
DA:57,0
DA:60,0
DA:61,0
DA:62,0
DA:63,0
DA:64,0
DA:65,0
DA:66,0
DA:70,4
DA:72,0
DA:73,0
DA:74,0
DA:75,0
DA:76,0
DA:78,0
DA:81,1
DA:82,1
DA:83,1
DA:85,1
DA:86,1
DA:89,2
DA:92,2
DA:89,2
DA:90,2
DA:91,2
DA:92,2
DA:94,2
DA:95,2
DA:96,2
DA:97,0
DA:99,2
end_of_record
SF:/mnt/c/users/gabci/desktop/nhf2/src/creatures/HostileInterface.h
DA:44,2
end_of_record
SF:/usr/include/c++/11/bits/basic_string.h
FN:533,_ZNSt7__cxx1112basic_stringIcSt11char_traitsIcESaIcEEC2IS3_EEPKcRKS3_
FNDA:2,_ZNSt7__cxx1112basic_stringIcSt11char_traitsIcESaIcEEC2IS3_EEPKcRKS3_
FN:6132,_ZStplIcSt11char_traitsIcESaIcEENSt7__cxx1112basic_stringIT_T0_T1_EERKS8_PKS5_
FNDA:12,_ZStplIcSt11char_traitsIcESaIcEENSt7__cxx1112basic_stringIT_T0_T1_EERKS8_PKS5_
DA:158,14
DA:164,2
DA:165,2
DA:186,0
DA:187,0
DA:190,0
DA:191,0
DA:194,0
DA:195,0
DA:198,2
DA:201,2
DA:218,0
DA:219,0
DA:222,0
DA:224,0
DA:225,0
DA:400,0
DA:401,0
DA:404,0
DA:406,0
DA:533,2
DA:534,2
DA:536,2
DA:539,2
DA:540,2
DA:671,14
DA:672,14
DA:6132,12
DA:6135,12
DA:6136,12
DA:6137,12
DA:6138,0
end_of_record
SF:/mnt/c/users/gabci/desktop/nhf2/src/creatures/EntityUtils.h
end_of_record
TN:
SF:/usr/include/c++/11/bits/stl_iterator_base_funcs.h
DA:98,0
DA:104,0
DA:138,0
DA:141,0
end_of_record
SF:/usr/include/c++/11/bits/basic_string.tcc
FN:206,_ZNSt7__cxx1112basic_stringIcSt11char_traitsIcESaIcEE12_M_constructIPKcEEvT_S8_St20forward_iterator_tag
FNDA:0,_ZNSt7__cxx1112basic_stringIcSt11char_traitsIcESaIcEE12_M_constructIPKcEEvT_S8_St20forward_iterator_tag
DA:206,0
DA:211,0
DA:212,0
DA:215,0
DA:217,0
DA:219,0
DA:220,0
DA:225,0
DA:232,0
DA:233,0
end_of_record
SF:/usr/include/c++/11/ext/new_allocator.h
DA:79,1
DA:82,1
DA:89,1
end_of_record
SF:/usr/include/c++/11/bits/basic_string.h
FN:533,_ZNSt7__cxx1112basic_stringIcSt11char_traitsIcESaIcEEC2IS3_EEPKcRKS3_
FNDA:1,_ZNSt7__cxx1112basic_stringIcSt11char_traitsIcESaIcEEC2IS3_EEPKcRKS3_
DA:158,1
DA:164,1
DA:165,1
DA:186,0
DA:187,0
DA:190,0
DA:191,0
DA:194,0
DA:195,0
DA:198,1
DA:201,1
DA:218,0
DA:219,0
DA:222,0
DA:224,0
DA:225,0
DA:404,0
DA:406,0
DA:533,1
DA:534,1
DA:536,1
DA:539,1
DA:540,1
DA:671,1
DA:672,1
end_of_record
SF:/usr/include/c++/11/bits/allocator.h
DA:156,1
DA:159,1
DA:160,1
DA:174,1
end_of_record
SF:/mnt/c/users/gabci/desktop/nhf2/src/creatures/humans/AnglerMiner.cpp
FN:6,_ZN8creature11AnglerMinerC1EiiNS_13ENTITY_GENDERE
FNDA:1,_ZN8creature11AnglerMinerC1EiiNS_13ENTITY_GENDERE
FN:6,_ZN8creature11AnglerMinerC2EiiNS_13ENTITY_GENDERE
FNDA:0,_ZN8creature11AnglerMinerC2EiiNS_13ENTITY_GENDERE
FN:11,_ZN8creature11AnglerMiner12humanoid_runEf
FNDA:3,_ZN8creature11AnglerMiner12humanoid_runEf
FN:29,_ZN8creature11AnglerMiner13humanoid_walkEf
FNDA:3,_ZN8creature11AnglerMiner13humanoid_walkEf
FN:33,_ZN8creature11AnglerMiner12update_logicER5Worldf
FNDA:4,_ZN8creature11AnglerMiner12update_logicER5Worldf
FN:77,_ZN8creature11AnglerMinerD0Ev
FNDA:1,_ZN8creature11AnglerMinerD0Ev
FN:77,_ZN8creature11AnglerMinerD1Ev
FNDA:1,_ZN8creature11AnglerMinerD1Ev
FN:77,_ZN8creature11AnglerMinerD2Ev
FNDA:0,_ZN8creature11AnglerMinerD2Ev
DA:6,1
DA:7,1
DA:8,1
DA:9,1
DA:6,0
DA:7,0
DA:8,0
DA:9,0
DA:11,3
DA:12,3
DA:13,3
DA:14,3
DA:16,3
DA:17,0
DA:18,0
DA:19,0
DA:21,3
DA:22,3
DA:23,3
DA:24,3
DA:26,3
DA:29,3
DA:30,3
DA:33,4
DA:34,4
DA:36,4
DA:37,1
DA:38,1
DA:39,1
DA:40,0
DA:42,1
DA:43,1
DA:47,0
DA:48,0
DA:49,0
DA:50,3
DA:51,3
DA:52,3
DA:57,0
DA:58,0
DA:59,0
DA:60,0
DA:61,0
DA:62,0
DA:64,0
DA:65,0
DA:67,0
DA:69,0
DA:75,4
DA:77,1
DA:80,1
DA:77,1
DA:78,1
DA:79,1
DA:80,1
DA:77,0
DA:78,0
DA:79,0
DA:80,0
end_of_record
SF:/mnt/c/users/gabci/desktop/nhf2/src/creatures/humans/AnglerMiner.h
end_of_record
SF:/usr/include/c++/11/bits/char_traits.h
DA:356,0
DA:357,0
DA:393,1
DA:396,1
DA:399,1
end_of_record
SF:/usr/include/c++/11/iostream
end_of_record
TN:
SF:/mnt/c/users/gabci/desktop/nhf2/src/creatures/humans/Builder.h
end_of_record
SF:/usr/include/c++/11/bits/basic_string.h
FN:533,_ZNSt7__cxx1112basic_stringIcSt11char_traitsIcESaIcEEC2IS3_EEPKcRKS3_
FNDA:3,_ZNSt7__cxx1112basic_stringIcSt11char_traitsIcESaIcEEC2IS3_EEPKcRKS3_
DA:158,3
DA:164,3
DA:165,3
DA:186,0
DA:187,0
DA:190,3
DA:191,3
DA:194,6
DA:195,3
DA:198,3
DA:201,3
DA:218,0
DA:219,0
DA:222,3
DA:224,3
DA:225,3
DA:404,3
DA:406,3
DA:533,3
DA:534,3
DA:536,3
DA:539,3
DA:540,3
DA:671,3
DA:672,3
end_of_record
SF:/usr/include/c++/11/bits/stl_iterator_base_funcs.h
DA:98,3
DA:104,3
DA:138,3
DA:141,3
end_of_record
SF:/usr/include/c++/11/bits/basic_string.tcc
FN:206,_ZNSt7__cxx1112basic_stringIcSt11char_traitsIcESaIcEE12_M_constructIPKcEEvT_S8_St20forward_iterator_tag
FNDA:3,_ZNSt7__cxx1112basic_stringIcSt11char_traitsIcESaIcEE12_M_constructIPKcEEvT_S8_St20forward_iterator_tag
DA:206,3
DA:211,3
DA:212,0
DA:215,3
DA:217,3
DA:219,0
DA:220,3
DA:225,3
DA:232,3
DA:233,3
end_of_record
SF:/usr/include/c++/11/ext/new_allocator.h
DA:79,3
DA:82,3
DA:89,3
end_of_record
SF:/usr/include/c++/11/bits/char_traits.h
DA:356,3
DA:357,3
DA:393,3
DA:396,3
DA:399,3
end_of_record
SF:/usr/include/c++/11/iostream
end_of_record
SF:/mnt/c/users/gabci/desktop/nhf2/src/creatures/humans/Builder.cpp
FN:6,_ZN8creature7BuilderC2EiiNS_13ENTITY_GENDERE
FNDA:3,_ZN8creature7BuilderC2EiiNS_13ENTITY_GENDERE
FN:11,_ZN8creature7Builder12update_logicER5Worldf
FNDA:4,_ZN8creature7Builder12update_logicER5Worldf
FN:55,_ZN8creature7BuilderD0Ev
FNDA:3,_ZN8creature7BuilderD0Ev
FN:55,_ZN8creature7BuilderD2Ev
FNDA:3,_ZN8creature7BuilderD2Ev
DA:6,3
DA:7,3
DA:8,3
DA:9,3
DA:11,4
DA:12,4
DA:14,4
DA:15,4
DA:16,4
DA:17,1
DA:18,0
DA:20,1
DA:23,1
DA:24,0
DA:25,0
DA:27,0
DA:29,0
DA:31,1
DA:35,0
DA:36,0
DA:37,0
DA:38,0
DA:39,0
DA:40,0
DA:45,0
DA:46,0
DA:47,0
DA:48,0
DA:49,0
DA:53,4
DA:55,3
DA:58,3
DA:55,3
DA:56,3
DA:57,3
DA:58,3
end_of_record
SF:/usr/include/c++/11/bits/allocator.h
DA:156,3
DA:159,3
DA:160,3
DA:174,3
end_of_record
TN:
SF:/usr/include/c++/11/ext/new_allocator.h
DA:79,1
DA:82,1
DA:89,1
end_of_record
SF:/usr/include/c++/11/bits/basic_string.tcc
FN:206,_ZNSt7__cxx1112basic_stringIcSt11char_traitsIcESaIcEE12_M_constructIPKcEEvT_S8_St20forward_iterator_tag
FNDA:0,_ZNSt7__cxx1112basic_stringIcSt11char_traitsIcESaIcEE12_M_constructIPKcEEvT_S8_St20forward_iterator_tag
DA:206,0
DA:211,0
DA:212,0
DA:215,0
DA:217,0
DA:219,0
DA:220,0
DA:225,0
DA:232,0
DA:233,0
end_of_record
SF:/usr/include/c++/11/bits/stl_iterator_base_funcs.h
DA:98,0
DA:104,0
DA:138,0
DA:141,0
end_of_record
SF:/usr/include/c++/11/bits/basic_string.h
FN:533,_ZNSt7__cxx1112basic_stringIcSt11char_traitsIcESaIcEEC2IS3_EEPKcRKS3_
FNDA:1,_ZNSt7__cxx1112basic_stringIcSt11char_traitsIcESaIcEEC2IS3_EEPKcRKS3_
DA:158,1
DA:164,1
DA:165,1
DA:186,0
DA:187,0
DA:190,0
DA:191,0
DA:194,0
DA:195,0
DA:198,1
DA:201,1
DA:218,0
DA:219,0
DA:222,0
DA:224,0
DA:225,0
DA:404,0
DA:406,0
DA:533,1
DA:534,1
DA:536,1
DA:539,1
DA:540,1
DA:671,1
DA:672,1
end_of_record
SF:/mnt/c/users/gabci/desktop/nhf2/src/creatures/humans/Farmer.cpp
FN:6,_ZN8creature6FarmerC2EiiNS_13ENTITY_GENDERE
FNDA:1,_ZN8creature6FarmerC2EiiNS_13ENTITY_GENDERE
FN:11,_ZN8creature6Farmer12update_logicER5Worldf
FNDA:4,_ZN8creature6Farmer12update_logicER5Worldf
FN:53,_ZN8creature6FarmerD0Ev
FNDA:1,_ZN8creature6FarmerD0Ev
FN:53,_ZN8creature6FarmerD2Ev
FNDA:1,_ZN8creature6FarmerD2Ev
DA:6,1
DA:7,1
DA:8,1
DA:9,1
DA:11,4
DA:12,4
DA:14,4
DA:15,1
DA:16,1
DA:17,1
DA:18,1
DA:19,1
DA:20,1
DA:21,1
DA:22,1
DA:24,0
DA:26,1
DA:28,0
DA:32,3
DA:33,3
DA:34,3
DA:35,0
DA:36,0
DA:37,0
DA:42,0
DA:43,0
DA:44,0
DA:45,0
DA:46,0
DA:47,0
DA:51,4
DA:53,1
DA:56,1
DA:53,1
DA:54,1
DA:55,1
DA:56,1
end_of_record
SF:/usr/include/c++/11/bits/allocator.h
DA:156,1
DA:159,1
DA:160,1
DA:174,1
end_of_record
SF:/mnt/c/users/gabci/desktop/nhf2/src/creatures/humans/Farmer.h
end_of_record
SF:/usr/include/c++/11/bits/char_traits.h
DA:356,0
DA:357,0
DA:393,1
DA:396,1
DA:399,1
end_of_record
SF:/usr/include/c++/11/iostream
end_of_record
TN:
SF:/usr/include/c++/11/iostream
end_of_record
SF:/usr/include/c++/11/bits/char_traits.h
DA:356,0
DA:357,0
DA:393,2
DA:396,2
DA:399,2
end_of_record
SF:/usr/include/c++/11/bits/allocator.h
DA:156,2
DA:159,2
DA:160,2
DA:174,2
end_of_record
SF:/usr/include/c++/11/bits/basic_string.h
FN:533,_ZNSt7__cxx1112basic_stringIcSt11char_traitsIcESaIcEEC2IS3_EEPKcRKS3_
FNDA:2,_ZNSt7__cxx1112basic_stringIcSt11char_traitsIcESaIcEEC2IS3_EEPKcRKS3_
DA:158,2
DA:164,2
DA:165,2
DA:186,0
DA:187,0
DA:190,0
DA:191,0
DA:194,0
DA:195,0
DA:198,2
DA:201,2
DA:218,0
DA:219,0
DA:222,0
DA:224,0
DA:225,0
DA:404,0
DA:406,0
DA:533,2
DA:534,2
DA:536,2
DA:539,2
DA:540,2
DA:671,2
DA:672,2
end_of_record
SF:/mnt/c/users/gabci/desktop/nhf2/src/creatures/humans/Fisherman.cpp
FN:6,_ZN8creature9FishermanC1EiiNS_13ENTITY_GENDERE
FNDA:1,_ZN8creature9FishermanC1EiiNS_13ENTITY_GENDERE
FN:6,_ZN8creature9FishermanC2EiiNS_13ENTITY_GENDERE
FNDA:1,_ZN8creature9FishermanC2EiiNS_13ENTITY_GENDERE
FN:11,_ZN8creature9Fisherman11try_fishingER5World
FNDA:1,_ZN8creature9Fisherman11try_fishingER5World
FN:22,_ZN8creature9Fisherman12update_logicER5Worldf
FNDA:4,_ZN8creature9Fisherman12update_logicER5Worldf
FN:51,_ZN8creature9FishermanD0Ev
FNDA:1,_ZN8creature9FishermanD0Ev
FN:51,_ZN8creature9FishermanD1Ev
FNDA:1,_ZN8creature9FishermanD1Ev
FN:51,_ZN8creature9FishermanD2Ev
FNDA:1,_ZN8creature9FishermanD2Ev
DA:6,1
DA:7,1
DA:8,1
DA:9,1
DA:10,1
DA:6,1
DA:7,1
DA:8,1
DA:9,1
DA:10,1
DA:11,1
DA:12,1
DA:13,1
DA:14,1
DA:15,1
DA:17,0
DA:19,1
DA:20,1
DA:22,4
DA:23,4
DA:25,4
DA:26,1
DA:27,1
DA:28,1
DA:31,0
DA:32,0
DA:33,0
DA:34,3
DA:35,3
DA:36,3
DA:41,0
DA:42,0
DA:43,0
DA:44,0
DA:45,0
DA:49,4
DA:51,1
DA:54,1
DA:51,1
DA:52,1
DA:53,1
DA:54,1
DA:51,1
DA:52,1
DA:53,1
DA:54,1
end_of_record
SF:/mnt/c/users/gabci/desktop/nhf2/src/creatures/humans/Fisherman.h
end_of_record
SF:/usr/include/c++/11/ext/new_allocator.h
DA:79,2
DA:82,2
DA:89,2
end_of_record
SF:/usr/include/c++/11/bits/basic_string.tcc
FN:206,_ZNSt7__cxx1112basic_stringIcSt11char_traitsIcESaIcEE12_M_constructIPKcEEvT_S8_St20forward_iterator_tag
FNDA:0,_ZNSt7__cxx1112basic_stringIcSt11char_traitsIcESaIcEE12_M_constructIPKcEEvT_S8_St20forward_iterator_tag
DA:206,0
DA:211,0
DA:212,0
DA:215,0
DA:217,0
DA:219,0
DA:220,0
DA:225,0
DA:232,0
DA:233,0
end_of_record
SF:/usr/include/c++/11/bits/stl_iterator_base_funcs.h
DA:98,0
DA:104,0
DA:138,0
DA:141,0
end_of_record
TN:
SF:/usr/include/c++/11/bits/allocator.h
DA:156,144
DA:159,288
DA:160,288
DA:174,480
end_of_record
SF:/usr/include/c++/11/bits/move.h
DA:104,144
end_of_record
SF:/mnt/c/users/gabci/desktop/nhf2/src/creatures/humans/Human.cpp
FN:7,_ZN8creature5HumanC2Eii
FNDA:32,_ZN8creature5HumanC2Eii
FN:24,_ZN8creature5HumanC2EiiNS_13ENTITY_GENDERE
FNDA:16,_ZN8creature5HumanC2EiiNS_13ENTITY_GENDERE
FN:38,_ZN8creature5Human21get_profession_stringB5cxx11Ev
FNDA:4,_ZN8creature5Human21get_profession_stringB5cxx11Ev
FN:45,_ZN8creature5Human10initializeEii
FNDA:48,_ZN8creature5Human10initializeEii
FN:60,_ZN8creature5Human14select_textureEiii
FNDA:48,_ZN8creature5Human14select_textureEiii
FN:77,_ZN8creature5Human12humanoid_runEf
FNDA:13,_ZN8creature5Human12humanoid_runEf
FN:100,_ZN8creature5Human13humanoid_walkEf
FNDA:9,_ZN8creature5Human13humanoid_walkEf
FN:123,_ZN8creature5Human12update_logicER5Worldf
FNDA:15,_ZN8creature5Human12update_logicER5Worldf
FN:165,_ZN8creature5Human10draw_logicERN2sf12RenderWindowEfii
FNDA:20,_ZN8creature5Human10draw_logicERN2sf12RenderWindowEfii
FN:177,_ZN8creature5Human3dieEv
FNDA:1,_ZN8creature5Human3dieEv
FN:181,_ZNK8creature5Human8get_typeEv
FNDA:8,_ZNK8creature5Human8get_typeEv
FN:185,_ZN8creature5HumanD0Ev
FNDA:32,_ZN8creature5HumanD0Ev
FN:185,_ZN8creature5HumanD2Ev
FNDA:48,_ZN8creature5HumanD2Ev
DA:7,32
DA:8,32
DA:10,32
DA:11,32
DA:12,11
DA:14,21
DA:16,32
DA:18,32
DA:19,32
DA:20,32
DA:21,32
DA:22,32
DA:24,16
DA:25,16
DA:27,16
DA:28,16
DA:29,16
DA:30,2
DA:33,16
DA:34,16
DA:35,16
DA:36,16
DA:37,16
DA:38,4
DA:39,4
DA:40,0
DA:42,4
DA:45,48
DA:46,48
DA:47,48
DA:48,48
DA:49,48
DA:50,48
DA:51,48
DA:52,0
DA:54,48
DA:55,48
DA:56,48
DA:57,48
DA:58,48
DA:60,48
DA:61,48
DA:62,131
DA:64,48
DA:65,48
DA:66,48
DA:67,48
DA:68,48
DA:69,48
DA:70,48
DA:71,48
DA:72,48
DA:74,48
DA:75,48
DA:77,13
DA:78,13
DA:80,1
DA:81,1
DA:82,1
DA:85,12
DA:86,10
DA:88,2
DA:91,12
DA:92,12
DA:94,0
DA:100,9
DA:101,9
DA:103,0
DA:104,0
DA:105,0
DA:108,9
DA:109,9
DA:111,0
DA:114,9
DA:115,9
DA:117,0
DA:123,15
DA:124,15
DA:126,15
DA:127,7
DA:128,7
DA:129,7
DA:130,7
DA:131,1
DA:132,1
DA:133,1
DA:134,1
DA:136,0
DA:139,6
DA:143,7
DA:144,7
DA:145,7
DA:146,0
DA:147,0
DA:148,0
DA:153,1
DA:154,1
DA:155,1
DA:156,1
DA:157,1
DA:160,1
DA:161,1
DA:163,15
DA:165,20
DA:166,20
DA:167,20
DA:168,20
DA:169,20
DA:171,20
DA:172,20
DA:174,20
DA:177,1
DA:178,1
DA:179,1
DA:181,8
DA:182,8
DA:185,32
DA:191,32
DA:185,48
DA:186,48
DA:187,36
DA:188,36
DA:190,48
DA:191,48
end_of_record
SF:/mnt/c/users/gabci/desktop/nhf2/src/creatures/EntityBase.h
end_of_record
SF:/usr/include/c++/11/iostream
end_of_record
SF:/usr/include/c++/11/bits/char_traits.h
DA:356,144
DA:357,0
DA:393,96
DA:396,96
DA:399,96
DA:429,0
DA:431,0
DA:437,0
end_of_record
SF:/mnt/c/users/gabci/desktop/nhf2/src/Textureable.h
end_of_record
SF:/mnt/c/users/gabci/desktop/nhf2/src/Shadowable.h
FN:73,_ZN10ShadowableD0Ev
FNDA:0,_ZN10ShadowableD0Ev
FN:73,_ZN10ShadowableD2Ev
FNDA:0,_ZN10ShadowableD2Ev
DA:73,0
DA:73,0
end_of_record
SF:/mnt/c/users/gabci/desktop/nhf2/src/creatures/humans/Human.h
end_of_record
SF:/mnt/c/users/gabci/desktop/nhf2/src/creatures/Living.h
end_of_record
SF:/usr/include/c++/11/bits/stl_iterator_base_funcs.h
DA:98,0
DA:104,0
DA:138,0
DA:141,0
end_of_record
SF:/usr/include/c++/11/bits/basic_string.tcc
FN:206,_ZNSt7__cxx1112basic_stringIcSt11char_traitsIcESaIcEE12_M_constructIPcEEvT_S7_St20forward_iterator_tag
FNDA:0,_ZNSt7__cxx1112basic_stringIcSt11char_traitsIcESaIcEE12_M_constructIPcEEvT_S7_St20forward_iterator_tag
FN:206,_ZNSt7__cxx1112basic_stringIcSt11char_traitsIcESaIcEE12_M_constructIPKcEEvT_S8_St20forward_iterator_tag
FNDA:0,_ZNSt7__cxx1112basic_stringIcSt11char_traitsIcESaIcEE12_M_constructIPKcEEvT_S8_St20forward_iterator_tag
DA:206,0
DA:211,0
DA:212,0
DA:215,0
DA:217,0
DA:219,0
DA:220,0
DA:225,0
DA:232,0
DA:233,0
DA:206,0
DA:211,0
DA:212,0
DA:215,0
DA:217,0
DA:219,0
DA:220,0
DA:225,0
DA:232,0
DA:233,0
end_of_record
SF:/usr/include/c++/11/ext/new_allocator.h
DA:79,144
DA:82,288
DA:89,480
end_of_record
SF:/usr/include/c++/11/bits/charconv.h
FN:47,_ZNSt8__detail14__to_chars_lenIjEEjT_i
FNDA:48,_ZNSt8__detail14__to_chars_lenIjEEjT_i
FN:72,_ZNSt8__detail18__to_chars_10_implIjEEvPcjT_
FNDA:48,_ZNSt8__detail18__to_chars_10_implIjEEvPcjT_
DA:47,48
DA:52,48
DA:53,48
DA:54,48
DA:55,48
DA:56,0
DA:58,48
DA:59,0
DA:60,0
DA:61,0
DA:62,0
DA:63,0
DA:72,48
DA:83,48
DA:84,48
DA:86,0
DA:87,0
DA:88,0
DA:89,0
DA:90,0
DA:92,48
DA:94,0
DA:95,0
DA:96,0
DA:99,48
DA:100,48
end_of_record
SF:/mnt/c/users/gabci/desktop/nhf2/src/creatures/EntityUtils.h
end_of_record
SF:/usr/include/c++/11/bits/basic_string.h
FN:533,_ZNSt7__cxx1112basic_stringIcSt11char_traitsIcESaIcEEC2IS3_EEPKcRKS3_
FNDA:96,_ZNSt7__cxx1112basic_stringIcSt11char_traitsIcESaIcEEC2IS3_EEPKcRKS3_
FN:6132,_ZStplIcSt11char_traitsIcESaIcEENSt7__cxx1112basic_stringIT_T0_T1_EERKS8_PKS5_
FNDA:288,_ZStplIcSt11char_traitsIcESaIcEENSt7__cxx1112basic_stringIT_T0_T1_EERKS8_PKS5_
FN:6172,_ZStplIcSt11char_traitsIcESaIcEENSt7__cxx1112basic_stringIT_T0_T1_EEOS8_S9_
FNDA:0,_ZStplIcSt11char_traitsIcESaIcEENSt7__cxx1112basic_stringIT_T0_T1_EEOS8_S9_
FN:6206,_ZStplIcSt11char_traitsIcESaIcEENSt7__cxx1112basic_stringIT_T0_T1_EEOS8_PKS5_
FNDA:48,_ZStplIcSt11char_traitsIcESaIcEENSt7__cxx1112basic_stringIT_T0_T1_EEOS8_PKS5_
FN:6212,_ZStplIcSt11char_traitsIcESaIcEENSt7__cxx1112basic_stringIT_T0_T1_EEOS8_S5_
FNDA:96,_ZStplIcSt11char_traitsIcESaIcEENSt7__cxx1112basic_stringIT_T0_T1_EEOS8_S5_
FN:6660,_ZNSt7__cxx119to_stringEi
FNDA:48,_ZNSt7__cxx119to_stringEi
DA:158,624
DA:164,144
DA:165,144
DA:167,144
DA:168,144
DA:186,288
DA:187,0
DA:190,144
DA:191,144
DA:194,336
DA:195,0
DA:198,432
DA:201,144
DA:208,144
DA:211,144
DA:218,144
DA:219,0
DA:222,144
DA:224,144
DA:225,144
DA:229,144
DA:230,144
DA:294,144
DA:295,144
DA:400,0
DA:401,0
DA:404,0
DA:406,0
DA:533,96
DA:534,96
DA:536,96
DA:539,96
DA:540,96
DA:553,48
DA:554,48
DA:555,48
DA:565,144
DA:566,144
DA:568,144
DA:570,0
DA:575,144
DA:576,144
DA:582,144
DA:583,144
DA:584,144
DA:585,0
DA:671,48
DA:672,432
DA:689,48
DA:690,48
DA:920,96
DA:921,96
DA:926,144
DA:927,0
DA:976,0
DA:978,0
DA:1055,48
DA:1059,48
DA:1062,48
DA:1213,0
DA:1214,0
DA:1272,96
DA:1273,96
DA:1660,0
DA:1661,0
DA:1662,0
DA:6132,288
DA:6135,288
DA:6136,288
DA:6137,288
DA:6138,0
DA:6172,0
DA:6179,0
DA:6185,0
DA:6186,0
DA:6187,0
DA:6189,0
DA:6206,48
DA:6208,48
DA:6212,96
DA:6214,96
DA:6660,48
DA:6662,48
DA:6663,48
DA:6664,48
DA:6665,48
DA:6666,48
DA:6667,48
end_of_record
TN:
SF:/mnt/c/users/gabci/desktop/nhf2/src/creatures/humans/King.cpp
FN:6,_ZN8creature4KingC2EiiNS_13ENTITY_GENDERE
FNDA:2,_ZN8creature4KingC2EiiNS_13ENTITY_GENDERE
FN:11,_ZN8creature4King12update_logicER5Worldf
FNDA:4,_ZN8creature4King12update_logicER5Worldf
FN:61,_ZN8creature4KingD0Ev
FNDA:2,_ZN8creature4KingD0Ev
FN:61,_ZN8creature4KingD2Ev
FNDA:2,_ZN8creature4KingD2Ev
DA:6,2
DA:7,2
DA:8,2
DA:9,2
DA:11,4
DA:12,4
DA:14,4
DA:15,1
DA:16,1
DA:17,1
DA:18,1
DA:19,1
DA:21,0
DA:23,1
DA:24,1
DA:26,0
DA:30,0
DA:31,0
DA:32,0
DA:33,0
DA:34,0
DA:35,0
DA:37,0
DA:41,3
DA:42,3
DA:43,3
DA:44,3
DA:45,3
DA:46,3
DA:48,0
DA:59,4
DA:61,2
DA:64,2
DA:61,2
DA:62,2
DA:63,2
DA:64,2
end_of_record
SF:/usr/include/c++/11/bits/basic_string.h
FN:533,_ZNSt7__cxx1112basic_stringIcSt11char_traitsIcESaIcEEC2IS3_EEPKcRKS3_
FNDA:2,_ZNSt7__cxx1112basic_stringIcSt11char_traitsIcESaIcEEC2IS3_EEPKcRKS3_
DA:158,2
DA:164,2
DA:165,2
DA:186,0
DA:187,0
DA:190,2
DA:191,2
DA:194,4
DA:195,2
DA:198,2
DA:201,2
DA:218,0
DA:219,0
DA:222,2
DA:224,2
DA:225,2
DA:404,2
DA:406,2
DA:533,2
DA:534,2
DA:536,2
DA:539,2
DA:540,2
DA:671,2
DA:672,2
end_of_record
SF:/mnt/c/users/gabci/desktop/nhf2/src/creatures/humans/King.h
end_of_record
SF:/usr/include/c++/11/bits/stl_iterator_base_funcs.h
DA:98,2
DA:104,2
DA:138,2
DA:141,2
end_of_record
SF:/usr/include/c++/11/bits/basic_string.tcc
FN:206,_ZNSt7__cxx1112basic_stringIcSt11char_traitsIcESaIcEE12_M_constructIPKcEEvT_S8_St20forward_iterator_tag
FNDA:2,_ZNSt7__cxx1112basic_stringIcSt11char_traitsIcESaIcEE12_M_constructIPKcEEvT_S8_St20forward_iterator_tag
DA:206,2
DA:211,2
DA:212,0
DA:215,2
DA:217,2
DA:219,0
DA:220,2
DA:225,2
DA:232,2
DA:233,2
end_of_record
SF:/usr/include/c++/11/ext/new_allocator.h
DA:79,2
DA:82,2
DA:89,2
end_of_record
SF:/usr/include/c++/11/iostream
end_of_record
SF:/usr/include/c++/11/bits/char_traits.h
DA:356,2
DA:357,2
DA:393,2
DA:396,2
DA:399,2
end_of_record
SF:/usr/include/c++/11/bits/allocator.h
DA:156,2
DA:159,2
DA:160,2
DA:174,2
end_of_record
TN:
SF:/mnt/c/users/gabci/desktop/nhf2/src/creatures/humans/Soldier.cpp
FN:6,_ZN8creature7SoldierC2EiiNS_13ENTITY_GENDERE
FNDA:1,_ZN8creature7SoldierC2EiiNS_13ENTITY_GENDERE
FN:15,_ZN8creature7Soldier12humanoid_runEf
FNDA:3,_ZN8creature7Soldier12humanoid_runEf
FN:46,_ZN8creature7Soldier13humanoid_walkEf
FNDA:0,_ZN8creature7Soldier13humanoid_walkEf
FN:73,_ZN8creature7Soldier9attackingEv
FNDA:0,_ZN8creature7Soldier9attackingEv
FN:100,_ZN8creature7Soldier12update_logicER5Worldf
FNDA:4,_ZN8creature7Soldier12update_logicER5Worldf
FN:148,_ZN8creature7SoldierD0Ev
FNDA:1,_ZN8creature7SoldierD0Ev
FN:148,_ZN8creature7SoldierD2Ev
FNDA:1,_ZN8creature7SoldierD2Ev
DA:6,1
DA:7,1
DA:8,1
DA:9,1
DA:10,1
DA:11,1
DA:13,1
DA:15,3
DA:16,3
DA:17,0
DA:19,3
DA:20,2
DA:22,1
DA:24,3
DA:26,0
DA:27,0
DA:31,3
DA:32,3
DA:34,0
DA:37,3
DA:38,3
DA:40,0
DA:43,3
DA:46,0
DA:47,0
DA:48,0
DA:50,0
DA:51,0
DA:53,0
DA:55,0
DA:56,0
DA:57,0
DA:59,0
DA:60,0
DA:62,0
DA:65,0
DA:66,0
DA:68,0
DA:71,0
DA:73,0
DA:74,0
DA:75,0
DA:77,0
DA:79,0
DA:80,0
DA:82,0
DA:83,0
DA:84,0
DA:85,0
DA:86,0
DA:87,0
DA:88,0
DA:89,0
DA:92,0
DA:93,0
DA:98,0
DA:100,4
DA:101,4
DA:103,4
DA:104,1
DA:105,1
DA:106,1
DA:107,1
DA:110,1
DA:111,0
DA:114,1
DA:115,1
DA:117,0
DA:118,0
DA:119,0
DA:120,0
DA:122,0
DA:124,0
DA:128,3
DA:129,3
DA:130,3
DA:131,0
DA:132,0
DA:133,0
DA:136,0
DA:137,0
DA:138,0
DA:139,0
DA:140,0
DA:141,0
DA:142,0
DA:148,1
DA:152,1
DA:148,1
DA:149,1
DA:150,1
DA:151,1
DA:152,1
end_of_record
SF:/usr/include/c++/11/bits/allocator.h
DA:156,1
DA:159,1
DA:160,1
DA:174,1
end_of_record
SF:/usr/include/c++/11/iostream
end_of_record
SF:/usr/include/c++/11/bits/char_traits.h
DA:356,1
DA:357,1
DA:393,1
DA:396,1
DA:399,1
end_of_record
SF:/mnt/c/users/gabci/desktop/nhf2/src/creatures/humans/Soldier.h
end_of_record
SF:/usr/include/c++/11/bits/stl_iterator_base_funcs.h
DA:98,1
DA:104,1
DA:138,1
DA:141,1
end_of_record
SF:/usr/include/c++/11/bits/basic_string.tcc
FN:206,_ZNSt7__cxx1112basic_stringIcSt11char_traitsIcESaIcEE12_M_constructIPKcEEvT_S8_St20forward_iterator_tag
FNDA:1,_ZNSt7__cxx1112basic_stringIcSt11char_traitsIcESaIcEE12_M_constructIPKcEEvT_S8_St20forward_iterator_tag
DA:206,1
DA:211,1
DA:212,0
DA:215,1
DA:217,1
DA:219,0
DA:220,1
DA:225,1
DA:232,1
DA:233,1
end_of_record
SF:/usr/include/c++/11/ext/new_allocator.h
DA:79,1
DA:82,1
DA:89,1
end_of_record
SF:/usr/include/c++/11/bits/basic_string.h
FN:533,_ZNSt7__cxx1112basic_stringIcSt11char_traitsIcESaIcEEC2IS3_EEPKcRKS3_
FNDA:1,_ZNSt7__cxx1112basic_stringIcSt11char_traitsIcESaIcEEC2IS3_EEPKcRKS3_
DA:158,1
DA:164,1
DA:165,1
DA:186,0
DA:187,0
DA:190,1
DA:191,1
DA:194,2
DA:195,1
DA:198,1
DA:201,1
DA:218,0
DA:219,0
DA:222,1
DA:224,1
DA:225,1
DA:404,1
DA:406,1
DA:533,1
DA:534,1
DA:536,1
DA:539,1
DA:540,1
DA:671,1
DA:672,1
end_of_record
TN:
SF:/usr/include/c++/11/ext/new_allocator.h
DA:79,3
DA:82,3
DA:89,3
end_of_record
SF:/usr/include/c++/11/bits/basic_string.tcc
FN:206,_ZNSt7__cxx1112basic_stringIcSt11char_traitsIcESaIcEE12_M_constructIPKcEEvT_S8_St20forward_iterator_tag
FNDA:0,_ZNSt7__cxx1112basic_stringIcSt11char_traitsIcESaIcEE12_M_constructIPKcEEvT_S8_St20forward_iterator_tag
DA:206,0
DA:211,0
DA:212,0
DA:215,0
DA:217,0
DA:219,0
DA:220,0
DA:225,0
DA:232,0
DA:233,0
end_of_record
SF:/usr/include/c++/11/bits/stl_iterator_base_funcs.h
DA:98,0
DA:104,0
DA:138,0
DA:141,0
end_of_record
SF:/mnt/c/users/gabci/desktop/nhf2/src/creatures/humans/Stonemason.cpp
FN:6,_ZN8creature10StonemasonC1EiiNS_13ENTITY_GENDERE
FNDA:2,_ZN8creature10StonemasonC1EiiNS_13ENTITY_GENDERE
FN:6,_ZN8creature10StonemasonC2EiiNS_13ENTITY_GENDERE
FNDA:1,_ZN8creature10StonemasonC2EiiNS_13ENTITY_GENDERE
FN:11,_ZN8creature10Stonemason8try_mineER5World
FNDA:2,_ZN8creature10Stonemason8try_mineER5World
FN:40,_ZN8creature10Stonemason12update_logicER5Worldf
FNDA:4,_ZN8creature10Stonemason12update_logicER5Worldf
FN:74,_ZN8creature10StonemasonD0Ev
FNDA:2,_ZN8creature10StonemasonD0Ev
FN:74,_ZN8creature10StonemasonD1Ev
FNDA:2,_ZN8creature10StonemasonD1Ev
FN:74,_ZN8creature10StonemasonD2Ev
FNDA:1,_ZN8creature10StonemasonD2Ev
DA:6,2
DA:7,2
DA:8,2
DA:9,2
DA:10,2
DA:6,1
DA:7,1
DA:8,1
DA:9,1
DA:10,1
DA:11,2
DA:12,2
DA:13,2
DA:14,2
DA:15,2
DA:16,2
DA:17,2
DA:19,2
DA:20,2
DA:21,2
DA:22,2
DA:23,2
DA:24,2
DA:26,0
DA:28,2
DA:29,0
DA:31,2
DA:35,0
DA:38,2
DA:40,4
DA:41,4
DA:43,4
DA:44,1
DA:45,1
DA:46,1
DA:47,0
DA:48,0
DA:49,0
DA:50,3
DA:51,3
DA:52,3
DA:57,0
DA:58,0
DA:59,0
DA:60,0
DA:62,0
DA:63,0
DA:65,0
DA:68,0
DA:72,4
DA:74,2
DA:77,2
DA:74,2
DA:75,2
DA:76,2
DA:77,2
DA:74,1
DA:75,1
DA:76,1
DA:77,1
end_of_record
SF:/usr/include/c++/11/bits/basic_string.h
FN:533,_ZNSt7__cxx1112basic_stringIcSt11char_traitsIcESaIcEEC2IS3_EEPKcRKS3_
FNDA:3,_ZNSt7__cxx1112basic_stringIcSt11char_traitsIcESaIcEEC2IS3_EEPKcRKS3_
DA:158,3
DA:164,3
DA:165,3
DA:186,0
DA:187,0
DA:190,0
DA:191,0
DA:194,0
DA:195,0
DA:198,3
DA:201,3
DA:218,0
DA:219,0
DA:222,0
DA:224,0
DA:225,0
DA:404,0
DA:406,0
DA:533,3
DA:534,3
DA:536,3
DA:539,3
DA:540,3
DA:671,3
DA:672,3
end_of_record
SF:/mnt/c/users/gabci/desktop/nhf2/src/creatures/humans/Stonemason.h
end_of_record
SF:/usr/include/c++/11/bits/allocator.h
DA:156,3
DA:159,3
DA:160,3
DA:174,3
end_of_record
SF:/usr/include/c++/11/bits/char_traits.h
DA:356,0
DA:357,0
DA:393,3
DA:396,3
DA:399,3
end_of_record
SF:/usr/include/c++/11/iostream
end_of_record
TN:
SF:/usr/include/c++/11/bits/allocator.h
DA:156,1
DA:159,1
DA:160,1
DA:174,1
end_of_record
SF:/mnt/c/users/gabci/desktop/nhf2/src/creatures/humans/Woodcutter.cpp
FN:6,_ZN8creature10WoodcutterC2EiiNS_13ENTITY_GENDERE
FNDA:1,_ZN8creature10WoodcutterC2EiiNS_13ENTITY_GENDERE
FN:11,_ZN8creature10Woodcutter12update_logicER5Worldf
FNDA:4,_ZN8creature10Woodcutter12update_logicER5Worldf
FN:53,_ZN8creature10WoodcutterD0Ev
FNDA:1,_ZN8creature10WoodcutterD0Ev
FN:53,_ZN8creature10WoodcutterD2Ev
FNDA:1,_ZN8creature10WoodcutterD2Ev
DA:6,1
DA:7,1
DA:8,1
DA:9,1
DA:11,4
DA:12,4
DA:14,4
DA:15,1
DA:16,1
DA:17,1
DA:18,1
DA:19,1
DA:20,1
DA:21,1
DA:22,1
DA:24,0
DA:26,1
DA:28,0
DA:32,3
DA:33,3
DA:34,3
DA:35,0
DA:36,0
DA:37,0
DA:42,0
DA:43,0
DA:44,0
DA:45,0
DA:46,0
DA:47,0
DA:51,4
DA:53,1
DA:56,1
DA:53,1
DA:54,1
DA:55,1
DA:56,1
end_of_record
SF:/usr/include/c++/11/bits/char_traits.h
DA:356,0
DA:357,0
DA:393,1
DA:396,1
DA:399,1
end_of_record
SF:/usr/include/c++/11/iostream
end_of_record
SF:/usr/include/c++/11/bits/stl_iterator_base_funcs.h
DA:98,0
DA:104,0
DA:138,0
DA:141,0
end_of_record
SF:/usr/include/c++/11/bits/basic_string.tcc
FN:206,_ZNSt7__cxx1112basic_stringIcSt11char_traitsIcESaIcEE12_M_constructIPKcEEvT_S8_St20forward_iterator_tag
FNDA:0,_ZNSt7__cxx1112basic_stringIcSt11char_traitsIcESaIcEE12_M_constructIPKcEEvT_S8_St20forward_iterator_tag
DA:206,0
DA:211,0
DA:212,0
DA:215,0
DA:217,0
DA:219,0
DA:220,0
DA:225,0
DA:232,0
DA:233,0
end_of_record
SF:/usr/include/c++/11/ext/new_allocator.h
DA:79,1
DA:82,1
DA:89,1
end_of_record
SF:/mnt/c/users/gabci/desktop/nhf2/src/creatures/humans/Woodcutter.h
end_of_record
SF:/usr/include/c++/11/bits/basic_string.h
FN:533,_ZNSt7__cxx1112basic_stringIcSt11char_traitsIcESaIcEEC2IS3_EEPKcRKS3_
FNDA:1,_ZNSt7__cxx1112basic_stringIcSt11char_traitsIcESaIcEEC2IS3_EEPKcRKS3_
DA:158,1
DA:164,1
DA:165,1
DA:186,0
DA:187,0
DA:190,0
DA:191,0
DA:194,0
DA:195,0
DA:198,1
DA:201,1
DA:218,0
DA:219,0
DA:222,0
DA:224,0
DA:225,0
DA:404,0
DA:406,0
DA:533,1
DA:534,1
DA:536,1
DA:539,1
DA:540,1
DA:671,1
DA:672,1
end_of_record
TN:
SF:/mnt/c/users/gabci/desktop/nhf2/src/Shadowable.h
FN:73,_ZN10ShadowableD0Ev
FNDA:0,_ZN10ShadowableD0Ev
FN:73,_ZN10ShadowableD2Ev
FNDA:0,_ZN10ShadowableD2Ev
DA:73,0
DA:73,0
DA:73,147
end_of_record
SF:/mnt/c/users/gabci/desktop/nhf2/src/Textureable.h
DA:28,147
end_of_record
SF:/mnt/c/users/gabci/desktop/nhf2/src/creatures/Living.cpp
FN:5,_ZN8creature6Living10setTextureERKNSt7__cxx1112basic_stringIcSt11char_traitsIcESaIcEEE
FNDA:172,_ZN8creature6Living10setTextureERKNSt7__cxx1112basic_stringIcSt11char_traitsIcESaIcEEE
FN:16,_ZN8creature6Living12setTheShadowERKNSt7__cxx1112basic_stringIcSt11char_traitsIcESaIcEEE
FNDA:148,_ZN8creature6Living12setTheShadowERKNSt7__cxx1112basic_stringIcSt11char_traitsIcESaIcEEE
FN:26,_ZN8creature6Living9look_leftEv
FNDA:164,_ZN8creature6Living9look_leftEv
FN:31,_ZN8creature6Living10look_rightEv
FNDA:20,_ZN8creature6Living10look_rightEv
FN:37,_ZN8creature6Living11setPositionEdd
FNDA:218,_ZN8creature6Living11setPositionEdd
FN:47,_ZN8creature6Living21init_spritesheet_dataEid
FNDA:148,_ZN8creature6Living21init_spritesheet_dataEid
FN:53,_ZN8creature6Living18update_spritesheetEf
FNDA:69,_ZN8creature6Living18update_spritesheetEf
FN:80,_ZN8creature6Living4drawERN2sf12RenderWindowE
FNDA:68,_ZN8creature6Living4drawERN2sf12RenderWindowE
FN:84,_ZN8creature6Living11needs_drawnEv
FNDA:71,_ZN8creature6Living11needs_drawnEv
FN:95,_ZNK8creature6Living9get_widthEv
FNDA:19,_ZNK8creature6Living9get_widthEv
FN:99,_ZN8creature6Living12shadow_logicERN2sf12RenderWindowEfii
FNDA:70,_ZN8creature6Living12shadow_logicERN2sf12RenderWindowEfii
FN:105,_ZN8creature6Living6damageEPS0_i
FNDA:1,_ZN8creature6Living6damageEPS0_i
FN:117,_ZN8creature6LivingD2Ev
FNDA:147,_ZN8creature6LivingD2Ev
FN:117,_ZN8creature6LivingD0Ev
FNDA:0,_ZN8creature6LivingD0Ev
FN:124,_ZN8creature6Living9set_stateENS_11LIVINGSTATEE
FNDA:171,_ZN8creature6Living9set_stateENS_11LIVINGSTATEE
FN:150,_ZN8creature6Living8retargetEPS0_
FNDA:0,_ZN8creature6Living8retargetEPS0_
FN:153,_ZNK8creature6Living13check_aggroedEv
FNDA:16,_ZNK8creature6Living13check_aggroedEv
DA:5,172
DA:7,172
DA:9,172
DA:13,172
DA:14,172
DA:16,148
DA:18,148
DA:19,148
DA:20,148
DA:23,148
DA:26,164
DA:27,164
DA:28,164
DA:29,164
DA:30,164
DA:31,20
DA:32,20
DA:33,20
DA:34,20
DA:35,20
DA:37,218
DA:38,218
DA:39,218
DA:40,19
DA:43,218
DA:45,218
DA:47,148
DA:48,148
DA:49,148
DA:50,148
DA:51,148
DA:53,69
DA:54,69
DA:55,0
DA:56,0
DA:58,69
DA:59,0
DA:61,0
DA:62,0
DA:64,0
DA:66,69
DA:68,69
DA:70,69
DA:71,69
DA:73,69
DA:74,69
DA:76,69
DA:78,69
DA:80,68
DA:81,68
DA:82,68
DA:84,71
DA:85,71
DA:86,71
DA:88,71
DA:89,71
DA:90,69
DA:95,19
DA:97,19
DA:99,70
DA:100,70
DA:101,70
DA:102,70
DA:103,70
DA:105,1
DA:106,1
DA:107,1
DA:108,1
DA:109,1
DA:111,1
DA:112,0
DA:115,1
DA:117,0
DA:122,0
DA:117,147
DA:118,147
DA:119,0
DA:122,147
DA:124,171
DA:125,171
DA:126,171
DA:127,148
DA:128,148
DA:129,148
DA:130,10
DA:131,10
DA:132,10
DA:133,6
DA:134,6
DA:135,6
DA:136,6
DA:137,6
DA:138,6
DA:139,6
DA:140,0
DA:141,0
DA:142,0
DA:144,1
DA:145,1
DA:146,1
DA:148,171
DA:150,0
DA:151,0
DA:152,0
DA:153,16
DA:154,16
end_of_record
SF:/mnt/c/users/gabci/desktop/nhf2/src/creatures/Living.h
end_of_record
SF:/usr/include/c++/11/bits/stl_algo.h
DA:3656,0
DA:3658,0
DA:3659,0
end_of_record
SF:/usr/include/c++/11/iostream
end_of_record
TN:
SF:/usr/include/c++/11/bits/stl_iterator_base_funcs.h
DA:98,583654
DA:104,583654
DA:138,583654
DA:141,583654
end_of_record
SF:/usr/include/c++/11/ext/new_allocator.h
FN:103,_ZN9__gnu_cxx13new_allocatorIPNSt8__detail15_Hash_node_baseEE8allocateEmPKv
FNDA:3,_ZN9__gnu_cxx13new_allocatorIPNSt8__detail15_Hash_node_baseEE8allocateEmPKv
FN:103,_ZN9__gnu_cxx13new_allocatorIPN8minerals17ResourceStructureEE8allocateEmPKv
FNDA:114,_ZN9__gnu_cxx13new_allocatorIPN8minerals17ResourceStructureEE8allocateEmPKv
FN:103,_ZN9__gnu_cxx13new_allocatorINSt8__detail10_Hash_nodeISt4pairIKiSt8functionIFbR5WorldRKN2sf8Vector2iEEEELb0EEEE8allocateEmPKv
FNDA:30,_ZN9__gnu_cxx13new_allocatorINSt8__detail10_Hash_nodeISt4pairIKiSt8functionIFbR5WorldRKN2sf8Vector2iEEEELb0EEEE8allocateEmPKv
DA:79,9
DA:82,36672
DA:89,0
DA:103,3
DA:111,3
DA:115,0
DA:116,0
DA:117,0
DA:127,3
DA:103,114
DA:111,114
DA:115,0
DA:116,0
DA:117,0
DA:127,114
DA:103,30
DA:111,30
DA:115,0
DA:116,0
DA:117,0
DA:127,30
DA:132,128
DA:145,128
DA:160,410
DA:162,380
DA:166,30
DA:168,30
end_of_record
SF:/usr/include/c++/11/tuple
DA:192,30
DA:193,30
DA:233,30
DA:424,30
DA:434,30
DA:435,30
DA:454,30
DA:456,30
DA:727,30
DA:729,30
DA:756,30
DA:1377,30
DA:1378,30
DA:1393,30
DA:1394,30
DA:1804,30
DA:1809,30
DA:1816,30
DA:1819,30
DA:1820,30
end_of_record
SF:/mnt/c/users/gabci/desktop/nhf2/src/EntityPlacer.cpp
FN:3,_ZN14ObjectRegistry13register_typeEiSt8functionIFbR5WorldRKN2sf8Vector2iEEE
FNDA:30,_ZN14ObjectRegistry13register_typeEiSt8functionIFbR5WorldRKN2sf8Vector2iEEE
FN:7,_ZNK14ObjectRegistry5spawnEiR5WorldRN2sf8Vector2iE
FNDA:0,_ZNK14ObjectRegistry5spawnEiR5WorldRN2sf8Vector2iE
FN:21,_ZN12EntityPlacerC2Ev
FNDA:3,_ZN12EntityPlacerC2Ev
FN:28,_ZN12EntityPlacer13setup_factoryEv
FNDA:3,_ZN12EntityPlacer13setup_factoryEv
FN:29,_ZZN12EntityPlacer13setup_factoryEvENKUlR5WorldN2sf8Vector2iEE_clES1_S3_
FNDA:0,_ZZN12EntityPlacer13setup_factoryEvENKUlR5WorldN2sf8Vector2iEE_clES1_S3_
FN:33,_ZZN12EntityPlacer13setup_factoryEvENKUlR5WorldN2sf8Vector2iEE0_clES1_S3_
FNDA:0,_ZZN12EntityPlacer13setup_factoryEvENKUlR5WorldN2sf8Vector2iEE0_clES1_S3_
FN:39,_ZZN12EntityPlacer13setup_factoryEvENKUlR5WorldN2sf8Vector2iEE1_clES1_S3_
FNDA:0,_ZZN12EntityPlacer13setup_factoryEvENKUlR5WorldN2sf8Vector2iEE1_clES1_S3_
FN:45,_ZZN12EntityPlacer13setup_factoryEvENKUlR5WorldN2sf8Vector2iEE2_clES1_S3_
FNDA:0,_ZZN12EntityPlacer13setup_factoryEvENKUlR5WorldN2sf8Vector2iEE2_clES1_S3_
FN:51,_ZZN12EntityPlacer13setup_factoryEvENKUlR5WorldN2sf8Vector2iEE3_clES1_S3_
FNDA:0,_ZZN12EntityPlacer13setup_factoryEvENKUlR5WorldN2sf8Vector2iEE3_clES1_S3_
FN:77,_ZZN12EntityPlacer13setup_factoryEvENKUlR5WorldN2sf8Vector2iEE8_clES1_S3_
FNDA:0,_ZZN12EntityPlacer13setup_factoryEvENKUlR5WorldN2sf8Vector2iEE8_clES1_S3_
FN:84,_ZN12EntityPlacer16try_place_entityERN2sf8Vector2iER5World
FNDA:0,_ZN12EntityPlacer16try_place_entityERN2sf8Vector2iER5World
FN:99,_ZN12EntityPlacer14toggle_placingEv
FNDA:2,_ZN12EntityPlacer14toggle_placingEv
FN:103,_ZN12EntityPlacer13select_entityEi
FNDA:3,_ZN12EntityPlacer13select_entityEi
FN:110,_ZN12EntityPlacer11reset_mouseEv
FNDA:13,_ZN12EntityPlacer11reset_mouseEv
DA:3,30
DA:4,30
DA:5,30
DA:7,0
DA:8,0
DA:9,0
DA:10,0
DA:12,0
DA:13,0
DA:14,0
DA:17,0
DA:21,3
DA:22,3
DA:23,3
DA:24,3
DA:25,3
DA:26,3
DA:28,3
DA:29,3
DA:30,0
DA:33,3
DA:34,0
DA:35,0
DA:36,0
DA:39,3
DA:40,0
DA:41,0
DA:42,0
DA:45,3
DA:46,0
DA:47,0
DA:48,0
DA:51,3
DA:52,0
DA:53,0
DA:54,0
DA:57,3
DA:58,0
DA:59,0
DA:62,3
DA:63,0
DA:64,0
DA:67,3
DA:68,0
DA:69,0
DA:72,3
DA:73,0
DA:74,0
DA:77,3
DA:78,0
DA:81,3
DA:84,0
DA:85,0
DA:86,0
DA:87,0
DA:91,0
DA:92,0
DA:93,0
DA:94,0
DA:99,2
DA:100,2
DA:101,2
DA:103,3
DA:104,3
DA:105,1
DA:107,2
DA:108,2
DA:110,13
DA:111,13
DA:112,13
end_of_record
SF:/usr/include/c++/11/bits/charconv.h
FN:47,_ZNSt8__detail14__to_chars_lenIjEEjT_i
FNDA:0,_ZNSt8__detail14__to_chars_lenIjEEjT_i
FN:72,_ZNSt8__detail18__to_chars_10_implIjEEvPcjT_
FNDA:6255,_ZNSt8__detail18__to_chars_10_implIjEEvPcjT_
DA:47,0
DA:52,0
DA:53,0
DA:54,0
DA:55,0
DA:56,0
DA:58,0
DA:59,0
DA:60,0
DA:61,0
DA:62,0
DA:63,0
DA:72,6255
DA:83,6255
DA:84,8165
DA:86,1910
DA:87,1910
DA:88,1910
DA:89,1910
DA:90,1910
DA:92,6255
DA:94,620
DA:95,620
DA:96,620
DA:99,5635
DA:100,6255
end_of_record
SF:/usr/include/c++/11/bits/functional_hash.h
DA:154,57
end_of_record
SF:/mnt/c/users/gabci/desktop/nhf2/src/World.hpp
FN:160,_ZN9WorldBase18spawn_structure_atIN8minerals5StoneEEEvii
FNDA:0,_ZN9WorldBase18spawn_structure_atIN8minerals5StoneEEEvii
FN:160,_ZN9WorldBase18spawn_structure_atIN8minerals4TreeEEEvii
FNDA:0,_ZN9WorldBase18spawn_structure_atIN8minerals4TreeEEEvii
FN:160,_ZN9WorldBase18spawn_structure_atIN8minerals4IronEEEvii
FNDA:0,_ZN9WorldBase18spawn_structure_atIN8minerals4IronEEEvii
FN:160,_ZN9WorldBase18spawn_structure_atIN8minerals9BerryBushEEEvii
FNDA:0,_ZN9WorldBase18spawn_structure_atIN8minerals9BerryBushEEEvii
DA:160,0
DA:161,0
DA:162,0
DA:160,0
DA:161,0
DA:162,0
DA:160,0
DA:161,0
DA:162,0
DA:160,0
DA:161,0
DA:162,0
end_of_record
SF:/usr/include/c++/11/bits/alloc_traits.h
DA:463,147
DA:464,147
DA:495,128
DA:496,95
DA:511,410
DA:516,380
DA:531,30
DA:535,30
end_of_record
SF:/usr/include/c++/11/bits/move.h
DA:77,60
DA:104,36672
DA:196,30
DA:204,30
DA:205,30
DA:206,30
end_of_record
SF:/usr/include/c++/11/bits/unordered_map.h
DA:102,0
DA:141,3
DA:356,0
DA:357,0
DA:879,0
DA:880,0
DA:979,30
DA:980,30
end_of_record
SF:/usr/include/c++/11/ext/aligned_buffer.h
DA:104,60
DA:110,27
DA:115,60
end_of_record
SF:/usr/include/c++/11/bits/hashtable.h
FN:308,_ZNSt10_HashtableIiSt4pairIKiSt8functionIFbR5WorldRKN2sf8Vector2iEEEESaISB_ENSt8__detail10_Select1stESt8equal_toIiESt4hashIiENSD_18_Mod_range_hashingENSD_20_Default_ranged_hashENSD_20_Prime_rehash_policyENSD_17_Hashtable_traitsILb0ELb0ELb1EEEE12_Scoped_nodeD2Ev
FNDA:30,_ZNSt10_HashtableIiSt4pairIKiSt8functionIFbR5WorldRKN2sf8Vector2iEEEESaISB_ENSt8__detail10_Select1stESt8equal_toIiESt4hashIiENSD_18_Mod_range_hashingENSD_20_Default_ranged_hashENSD_20_Prime_rehash_policyENSD_17_Hashtable_traitsILb0ELb0ELb1EEEE12_Scoped_nodeD2Ev
FN:453,_ZNSt10_HashtableIiSt4pairIKiSt8functionIFbvEEESaIS5_ENSt8__detail10_Select1stESt8equal_toIiESt4hashIiENS7_18_Mod_range_hashingENS7_20_Default_ranged_hashENS7_20_Prime_rehash_policyENS7_17_Hashtable_traitsILb0ELb0ELb1EEEE21_M_deallocate_bucketsEv
FNDA:3,_ZNSt10_HashtableIiSt4pairIKiSt8functionIFbvEEESaIS5_ENSt8__detail10_Select1stESt8equal_toIiESt4hashIiENS7_18_Mod_range_hashingENS7_20_Default_ranged_hashENS7_20_Prime_rehash_policyENS7_17_Hashtable_traitsILb0ELb0ELb1EEEE21_M_deallocate_bucketsEv
FN:453,_ZNSt10_HashtableIiSt4pairIKiSt8functionIFbR5WorldRKN2sf8Vector2iEEEESaISB_ENSt8__detail10_Select1stESt8equal_toIiESt4hashIiENSD_18_Mod_range_hashingENSD_20_Default_ranged_hashENSD_20_Prime_rehash_policyENSD_17_Hashtable_traitsILb0ELb0ELb1EEEE21_M_deallocate_bucketsEv
FNDA:6,_ZNSt10_HashtableIiSt4pairIKiSt8functionIFbR5WorldRKN2sf8Vector2iEEEESaISB_ENSt8__detail10_Select1stESt8equal_toIiESt4hashIiENSD_18_Mod_range_hashingENSD_20_Default_ranged_hashENSD_20_Prime_rehash_policyENSD_17_Hashtable_traitsILb0ELb0ELb1EEEE21_M_deallocate_bucketsEv
FN:1528,_ZNSt10_HashtableIiSt4pairIKiSt8functionIFbvEEESaIS5_ENSt8__detail10_Select1stESt8equal_toIiESt4hashIiENS7_18_Mod_range_hashingENS7_20_Default_ranged_hashENS7_20_Prime_rehash_policyENS7_17_Hashtable_traitsILb0ELb0ELb1EEEED2Ev
FNDA:3,_ZNSt10_HashtableIiSt4pairIKiSt8functionIFbvEEESaIS5_ENSt8__detail10_Select1stESt8equal_toIiESt4hashIiENS7_18_Mod_range_hashingENS7_20_Default_ranged_hashENS7_20_Prime_rehash_policyENS7_17_Hashtable_traitsILb0ELb0ELb1EEEED2Ev
FN:1528,_ZNSt10_HashtableIiSt4pairIKiSt8functionIFbR5WorldRKN2sf8Vector2iEEEESaISB_ENSt8__detail10_Select1stESt8equal_toIiESt4hashIiENSD_18_Mod_range_hashingENSD_20_Default_ranged_hashENSD_20_Prime_rehash_policyENSD_17_Hashtable_traitsILb0ELb0ELb1EEEED2Ev
FNDA:3,_ZNSt10_HashtableIiSt4pairIKiSt8functionIFbR5WorldRKN2sf8Vector2iEEEESaISB_ENSt8__detail10_Select1stESt8equal_toIiESt4hashIiENSD_18_Mod_range_hashingENSD_20_Default_ranged_hashENSD_20_Prime_rehash_policyENSD_17_Hashtable_traitsILb0ELb0ELb1EEEED2Ev
FN:1603,_ZNKSt10_HashtableIiSt4pairIKiSt8functionIFbR5WorldRKN2sf8Vector2iEEEESaISB_ENSt8__detail10_Select1stESt8equal_toIiESt4hashIiENSD_18_Mod_range_hashingENSD_20_Default_ranged_hashENSD_20_Prime_rehash_policyENSD_17_Hashtable_traitsILb0ELb0ELb1EEEE4findERS1_
FNDA:0,_ZNKSt10_HashtableIiSt4pairIKiSt8functionIFbR5WorldRKN2sf8Vector2iEEEESaISB_ENSt8__detail10_Select1stESt8equal_toIiESt4hashIiENSD_18_Mod_range_hashingENSD_20_Default_ranged_hashENSD_20_Prime_rehash_policyENSD_17_Hashtable_traitsILb0ELb0ELb1EEEE4findERS1_
FN:1827,_ZNKSt10_HashtableIiSt4pairIKiSt8functionIFbR5WorldRKN2sf8Vector2iEEEESaISB_ENSt8__detail10_Select1stESt8equal_toIiESt4hashIiENSD_18_Mod_range_hashingENSD_20_Default_ranged_hashENSD_20_Prime_rehash_policyENSD_17_Hashtable_traitsILb0ELb0ELb1EEEE19_M_find_before_nodeEmRS1_m
FNDA:30,_ZNKSt10_HashtableIiSt4pairIKiSt8functionIFbR5WorldRKN2sf8Vector2iEEEESaISB_ENSt8__detail10_Select1stESt8equal_toIiESt4hashIiENSD_18_Mod_range_hashingENSD_20_Default_ranged_hashENSD_20_Prime_rehash_policyENSD_17_Hashtable_traitsILb0ELb0ELb1EEEE19_M_find_before_nodeEmRS1_m
FN:1886,_ZNSt10_HashtableIiSt4pairIKiSt8functionIFbR5WorldRKN2sf8Vector2iEEEESaISB_ENSt8__detail10_Select1stESt8equal_toIiESt4hashIiENSD_18_Mod_range_hashingENSD_20_Default_ranged_hashENSD_20_Prime_rehash_policyENSD_17_Hashtable_traitsILb0ELb0ELb1EEEE22_M_insert_bucket_beginEmPNSD_10_Hash_nodeISB_Lb0EEE
FNDA:30,_ZNSt10_HashtableIiSt4pairIKiSt8functionIFbR5WorldRKN2sf8Vector2iEEEESaISB_ENSt8__detail10_Select1stESt8equal_toIiESt4hashIiENSD_18_Mod_range_hashingENSD_20_Default_ranged_hashENSD_20_Prime_rehash_policyENSD_17_Hashtable_traitsILb0ELb0ELb1EEEE22_M_insert_bucket_beginEmPNSD_10_Hash_nodeISB_Lb0EEE
FN:2008,_ZNSt10_HashtableIiSt4pairIKiSt8functionIFbR5WorldRKN2sf8Vector2iEEEESaISB_ENSt8__detail10_Select1stESt8equal_toIiESt4hashIiENSD_18_Mod_range_hashingENSD_20_Default_ranged_hashENSD_20_Prime_rehash_policyENSD_17_Hashtable_traitsILb0ELb0ELb1EEEE21_M_insert_unique_nodeEmmPNSD_10_Hash_nodeISB_Lb0EEEm
FNDA:30,_ZNSt10_HashtableIiSt4pairIKiSt8functionIFbR5WorldRKN2sf8Vector2iEEEESaISB_ENSt8__detail10_Select1stESt8equal_toIiESt4hashIiENSD_18_Mod_range_hashingENSD_20_Default_ranged_hashENSD_20_Prime_rehash_policyENSD_17_Hashtable_traitsILb0ELb0ELb1EEEE21_M_insert_unique_nodeEmmPNSD_10_Hash_nodeISB_Lb0EEEm
FN:2316,_ZNSt10_HashtableIiSt4pairIKiSt8functionIFbvEEESaIS5_ENSt8__detail10_Select1stESt8equal_toIiESt4hashIiENS7_18_Mod_range_hashingENS7_20_Default_ranged_hashENS7_20_Prime_rehash_policyENS7_17_Hashtable_traitsILb0ELb0ELb1EEEE5clearEv
FNDA:3,_ZNSt10_HashtableIiSt4pairIKiSt8functionIFbvEEESaIS5_ENSt8__detail10_Select1stESt8equal_toIiESt4hashIiENS7_18_Mod_range_hashingENS7_20_Default_ranged_hashENS7_20_Prime_rehash_policyENS7_17_Hashtable_traitsILb0ELb0ELb1EEEE5clearEv
FN:2316,_ZNSt10_HashtableIiSt4pairIKiSt8functionIFbR5WorldRKN2sf8Vector2iEEEESaISB_ENSt8__detail10_Select1stESt8equal_toIiESt4hashIiENSD_18_Mod_range_hashingENSD_20_Default_ranged_hashENSD_20_Prime_rehash_policyENSD_17_Hashtable_traitsILb0ELb0ELb1EEEE5clearEv
FNDA:3,_ZNSt10_HashtableIiSt4pairIKiSt8functionIFbR5WorldRKN2sf8Vector2iEEEESaISB_ENSt8__detail10_Select1stESt8equal_toIiESt4hashIiENSD_18_Mod_range_hashingENSD_20_Default_ranged_hashENSD_20_Prime_rehash_policyENSD_17_Hashtable_traitsILb0ELb0ELb1EEEE5clearEv
FN:2355,_ZNSt10_HashtableIiSt4pairIKiSt8functionIFbR5WorldRKN2sf8Vector2iEEEESaISB_ENSt8__detail10_Select1stESt8equal_toIiESt4hashIiENSD_18_Mod_range_hashingENSD_20_Default_ranged_hashENSD_20_Prime_rehash_policyENSD_17_Hashtable_traitsILb0ELb0ELb1EEEE9_M_rehashEmRKm
FNDA:3,_ZNSt10_HashtableIiSt4pairIKiSt8functionIFbR5WorldRKN2sf8Vector2iEEEESaISB_ENSt8__detail10_Select1stESt8equal_toIiESt4hashIiENSD_18_Mod_range_hashingENSD_20_Default_ranged_hashENSD_20_Prime_rehash_policyENSD_17_Hashtable_traitsILb0ELb0ELb1EEEE9_M_rehashEmRKm
FN:2378,_ZNSt10_HashtableIiSt4pairIKiSt8functionIFbR5WorldRKN2sf8Vector2iEEEESaISB_ENSt8__detail10_Select1stESt8equal_toIiESt4hashIiENSD_18_Mod_range_hashingENSD_20_Default_ranged_hashENSD_20_Prime_rehash_policyENSD_17_Hashtable_traitsILb0ELb0ELb1EEEE13_M_rehash_auxEmSt17integral_constantIbLb1EE
FNDA:3,_ZNSt10_HashtableIiSt4pairIKiSt8functionIFbR5WorldRKN2sf8Vector2iEEEESaISB_ENSt8__detail10_Select1stESt8equal_toIiESt4hashIiENSD_18_Mod_range_hashingENSD_20_Default_ranged_hashENSD_20_Prime_rehash_policyENSD_17_Hashtable_traitsILb0ELb0ELb1EEEE13_M_rehash_auxEmSt17integral_constantIbLb1EE
DA:302,30
DA:303,30
DA:304,30
DA:308,30
DA:421,9
DA:422,9
DA:432,3
DA:434,3
DA:436,0
DA:437,0
DA:440,3
DA:444,9
DA:446,9
DA:449,3
DA:453,3
DA:454,3
DA:453,6
DA:454,6
DA:462,9
DA:463,9
DA:528,3
DA:633,0
DA:634,0
DA:790,27
DA:791,27
DA:794,33
DA:795,33
DA:807,30
DA:810,30
DA:811,30
DA:812,0
DA:1528,3
DA:1532,3
DA:1533,3
DA:1534,3
DA:1528,3
DA:1532,3
DA:1533,3
DA:1534,3
DA:1603,0
DA:1608,0
DA:1609,0
DA:1610,0
DA:1827,30
DA:1833,30
DA:1834,30
DA:1837,0
DA:1840,0
DA:1843,0
DA:1886,30
DA:1890,30
DA:1894,0
DA:1895,0
DA:1902,30
DA:1903,30
DA:1905,30
DA:1908,27
DA:1910,30
DA:1912,30
DA:2008,30
DA:2014,30
DA:2016,30
DA:2019,30
DA:2021,3
DA:2022,3
DA:2028,30
DA:2029,30
DA:2030,30
DA:2316,3
DA:2320,3
DA:2321,3
DA:2322,3
DA:2323,3
DA:2324,3
DA:2325,3
DA:2316,3
DA:2320,3
DA:2321,3
DA:2322,3
DA:2323,3
DA:2324,3
DA:2325,3
DA:2355,3
DA:2361,3
DA:2363,0
DA:2367,0
DA:2368,0
DA:2370,3
DA:2378,3
DA:2382,3
DA:2383,3
DA:2384,3
DA:2385,3
DA:2386,3
DA:2388,0
DA:2390,0
DA:2391,0
DA:2393,0
DA:2394,0
DA:2395,0
DA:2396,0
DA:2397,0
DA:2402,0
DA:2403,0
DA:2409,3
DA:2410,3
DA:2411,3
DA:2412,3
end_of_record
SF:/usr/include/c++/11/iostream
end_of_record
SF:/usr/include/c++/11/bits/basic_string.tcc
FN:206,_ZNSt7__cxx1112basic_stringIcSt11char_traitsIcESaIcEE12_M_constructIPKcEEvT_S8_St20forward_iterator_tag
FNDA:583654,_ZNSt7__cxx1112basic_stringIcSt11char_traitsIcESaIcEE12_M_constructIPKcEEvT_S8_St20forward_iterator_tag
DA:206,583654
DA:211,583654
DA:212,0
DA:215,583654
DA:217,583654
DA:219,583033
DA:220,583654
DA:225,583654
DA:232,583654
DA:233,583654
end_of_record
SF:/mnt/c/users/gabci/desktop/nhf2/src/EntityPlacer.h
DA:39,3
end_of_record
SF:/usr/include/c++/11/bits/stl_uninitialized.h
DA:1006,228
DA:1009,228
DA:1010,228
DA:1011,95
DA:1012,114
DA:1040,114
DA:1046,209
end_of_record
SF:/usr/include/c++/11/bits/basic_string.h
FN:533,_ZNSt7__cxx1112basic_stringIcSt11char_traitsIcESaIcEEC2IS3_EEPKcRKS3_
FNDA:0,_ZNSt7__cxx1112basic_stringIcSt11char_traitsIcESaIcEEC2IS3_EEPKcRKS3_
FN:6172,_ZStplIcSt11char_traitsIcESaIcEENSt7__cxx1112basic_stringIT_T0_T1_EEOS8_S9_
FNDA:36672,_ZStplIcSt11char_traitsIcESaIcEENSt7__cxx1112basic_stringIT_T0_T1_EEOS8_S9_
FN:6194,_ZStplIcSt11char_traitsIcESaIcEENSt7__cxx1112basic_stringIT_T0_T1_EEPKS5_OS8_
FNDA:0,_ZStplIcSt11char_traitsIcESaIcEENSt7__cxx1112basic_stringIT_T0_T1_EEPKS5_OS8_
FN:6206,_ZStplIcSt11char_traitsIcESaIcEENSt7__cxx1112basic_stringIT_T0_T1_EEOS8_PKS5_
FNDA:0,_ZStplIcSt11char_traitsIcESaIcEENSt7__cxx1112basic_stringIT_T0_T1_EEOS8_PKS5_
FN:6660,_ZNSt7__cxx119to_stringEi
FNDA:0,_ZNSt7__cxx119to_stringEi
DA:158,0
DA:164,0
DA:165,0
DA:167,36672
DA:168,36672
DA:186,653861
DA:187,583033
DA:190,620326
DA:191,620326
DA:194,1312674
DA:195,583654
DA:198,73344
DA:201,36672
DA:208,74538
DA:211,74538
DA:218,617189
DA:219,583033
DA:222,620326
DA:224,620326
DA:225,620326
DA:229,74538
DA:230,74538
DA:294,36672
DA:295,36672
DA:404,583654
DA:406,583654
DA:533,0
DA:534,0
DA:536,0
DA:539,0
DA:540,0
DA:553,0
DA:554,0
DA:555,0
DA:565,36672
DA:566,36672
DA:568,36672
DA:570,2516
DA:575,34156
DA:576,34156
DA:582,36672
DA:583,36672
DA:584,36672
DA:585,36672
DA:671,0
DA:672,0
DA:920,36672
DA:921,36672
DA:926,36672
DA:927,36672
DA:976,37866
DA:978,34188
DA:1055,0
DA:1059,0
DA:1062,0
DA:1213,36672
DA:1214,36672
DA:1660,0
DA:1661,0
DA:1662,0
DA:6172,36672
DA:6179,36672
DA:6185,36672
DA:6186,37866
DA:6187,0
DA:6189,36672
DA:6194,0
DA:6196,0
DA:6206,0
DA:6208,0
DA:6660,0
DA:6662,0
DA:6663,0
DA:6664,0
DA:6665,0
DA:6666,0
DA:6667,0
end_of_record
SF:/usr/include/c++/11/utility
DA:189,27
end_of_record
SF:/usr/include/c++/11/bits/invoke.h
DA:60,0
DA:61,0
DA:104,0
DA:114,0
end_of_record
SF:/usr/include/c++/11/bits/std_function.h
FN:241,_ZNSt14_Function_baseD2Ev
FNDA:116,_ZNSt14_Function_baseD2Ev
FN:267,_ZNSt17_Function_handlerIFbR5WorldRKN2sf8Vector2iEEZN12EntityPlacer13setup_factoryEvEUlS1_S3_E7_E10_M_managerERSt9_Any_dataRKSA_St18_Manager_operation
FNDA:3,_ZNSt17_Function_handlerIFbR5WorldRKN2sf8Vector2iEEZN12EntityPlacer13setup_factoryEvEUlS1_S3_E7_E10_M_managerERSt9_Any_dataRKSA_St18_Manager_operation
FN:267,_ZNSt17_Function_handlerIFbR5WorldRKN2sf8Vector2iEEZN12EntityPlacer13setup_factoryEvEUlS1_S3_E6_E10_M_managerERSt9_Any_dataRKSA_St18_Manager_operation
FNDA:3,_ZNSt17_Function_handlerIFbR5WorldRKN2sf8Vector2iEEZN12EntityPlacer13setup_factoryEvEUlS1_S3_E6_E10_M_managerERSt9_Any_dataRKSA_St18_Manager_operation
FN:267,_ZNSt17_Function_handlerIFbR5WorldRKN2sf8Vector2iEEZN12EntityPlacer13setup_factoryEvEUlS1_S3_E_E10_M_managerERSt9_Any_dataRKSA_St18_Manager_operation
FNDA:3,_ZNSt17_Function_handlerIFbR5WorldRKN2sf8Vector2iEEZN12EntityPlacer13setup_factoryEvEUlS1_S3_E_E10_M_managerERSt9_Any_dataRKSA_St18_Manager_operation
FN:267,_ZNSt17_Function_handlerIFbR5WorldRKN2sf8Vector2iEEZN12EntityPlacer13setup_factoryEvEUlS1_S3_E5_E10_M_managerERSt9_Any_dataRKSA_St18_Manager_operation
FNDA:3,_ZNSt17_Function_handlerIFbR5WorldRKN2sf8Vector2iEEZN12EntityPlacer13setup_factoryEvEUlS1_S3_E5_E10_M_managerERSt9_Any_dataRKSA_St18_Manager_operation
FN:267,_ZNSt17_Function_handlerIFbR5WorldRKN2sf8Vector2iEEZN12EntityPlacer13setup_factoryEvEUlS1_S3_E4_E10_M_managerERSt9_Any_dataRKSA_St18_Manager_operation
FNDA:3,_ZNSt17_Function_handlerIFbR5WorldRKN2sf8Vector2iEEZN12EntityPlacer13setup_factoryEvEUlS1_S3_E4_E10_M_managerERSt9_Any_dataRKSA_St18_Manager_operation
FN:267,_ZNSt17_Function_handlerIFbR5WorldRKN2sf8Vector2iEEZN12EntityPlacer13setup_factoryEvEUlS1_S3_E0_E10_M_managerERSt9_Any_dataRKSA_St18_Manager_operation
FNDA:3,_ZNSt17_Function_handlerIFbR5WorldRKN2sf8Vector2iEEZN12EntityPlacer13setup_factoryEvEUlS1_S3_E0_E10_M_managerERSt9_Any_dataRKSA_St18_Manager_operation
FN:267,_ZNSt17_Function_handlerIFbR5WorldRKN2sf8Vector2iEEZN12EntityPlacer13setup_factoryEvEUlS1_S3_E3_E10_M_managerERSt9_Any_dataRKSA_St18_Manager_operation
FNDA:3,_ZNSt17_Function_handlerIFbR5WorldRKN2sf8Vector2iEEZN12EntityPlacer13setup_factoryEvEUlS1_S3_E3_E10_M_managerERSt9_Any_dataRKSA_St18_Manager_operation
FN:267,_ZNSt17_Function_handlerIFbR5WorldRKN2sf8Vector2iEEZN12EntityPlacer13setup_factoryEvEUlS1_S3_E8_E10_M_managerERSt9_Any_dataRKSA_St18_Manager_operation
FNDA:3,_ZNSt17_Function_handlerIFbR5WorldRKN2sf8Vector2iEEZN12EntityPlacer13setup_factoryEvEUlS1_S3_E8_E10_M_managerERSt9_Any_dataRKSA_St18_Manager_operation
FN:267,_ZNSt17_Function_handlerIFbR5WorldRKN2sf8Vector2iEEZN12EntityPlacer13setup_factoryEvEUlS1_S3_E2_E10_M_managerERSt9_Any_dataRKSA_St18_Manager_operation
FNDA:3,_ZNSt17_Function_handlerIFbR5WorldRKN2sf8Vector2iEEZN12EntityPlacer13setup_factoryEvEUlS1_S3_E2_E10_M_managerERSt9_Any_dataRKSA_St18_Manager_operation
FN:267,_ZNSt17_Function_handlerIFbR5WorldRKN2sf8Vector2iEEZN12EntityPlacer13setup_factoryEvEUlS1_S3_E1_E10_M_managerERSt9_Any_dataRKSA_St18_Manager_operation
FNDA:3,_ZNSt17_Function_handlerIFbR5WorldRKN2sf8Vector2iEEZN12EntityPlacer13setup_factoryEvEUlS1_S3_E1_E10_M_managerERSt9_Any_dataRKSA_St18_Manager_operation
FN:288,_ZNSt17_Function_handlerIFbR5WorldRKN2sf8Vector2iEEZN12EntityPlacer13setup_factoryEvEUlS1_S3_E3_E9_M_invokeERKSt9_Any_dataS1_S5_
FNDA:0,_ZNSt17_Function_handlerIFbR5WorldRKN2sf8Vector2iEEZN12EntityPlacer13setup_factoryEvEUlS1_S3_E3_E9_M_invokeERKSt9_Any_dataS1_S5_
FN:288,_ZNSt17_Function_handlerIFbR5WorldRKN2sf8Vector2iEEZN12EntityPlacer13setup_factoryEvEUlS1_S3_E_E9_M_invokeERKSt9_Any_dataS1_S5_
FNDA:0,_ZNSt17_Function_handlerIFbR5WorldRKN2sf8Vector2iEEZN12EntityPlacer13setup_factoryEvEUlS1_S3_E_E9_M_invokeERKSt9_Any_dataS1_S5_
FN:288,_ZNSt17_Function_handlerIFbR5WorldRKN2sf8Vector2iEEZN12EntityPlacer13setup_factoryEvEUlS1_S3_E0_E9_M_invokeERKSt9_Any_dataS1_S5_
FNDA:0,_ZNSt17_Function_handlerIFbR5WorldRKN2sf8Vector2iEEZN12EntityPlacer13setup_factoryEvEUlS1_S3_E0_E9_M_invokeERKSt9_Any_dataS1_S5_
FN:288,_ZNSt17_Function_handlerIFbR5WorldRKN2sf8Vector2iEEZN12EntityPlacer13setup_factoryEvEUlS1_S3_E1_E9_M_invokeERKSt9_Any_dataS1_S5_
FNDA:0,_ZNSt17_Function_handlerIFbR5WorldRKN2sf8Vector2iEEZN12EntityPlacer13setup_factoryEvEUlS1_S3_E1_E9_M_invokeERKSt9_Any_dataS1_S5_
FN:288,_ZNSt17_Function_handlerIFbR5WorldRKN2sf8Vector2iEEZN12EntityPlacer13setup_factoryEvEUlS1_S3_E2_E9_M_invokeERKSt9_Any_dataS1_S5_
FNDA:0,_ZNSt17_Function_handlerIFbR5WorldRKN2sf8Vector2iEEZN12EntityPlacer13setup_factoryEvEUlS1_S3_E2_E9_M_invokeERKSt9_Any_dataS1_S5_
FN:288,_ZNSt17_Function_handlerIFbR5WorldRKN2sf8Vector2iEEZN12EntityPlacer13setup_factoryEvEUlS1_S3_E4_E9_M_invokeERKSt9_Any_dataS1_S5_
FNDA:0,_ZNSt17_Function_handlerIFbR5WorldRKN2sf8Vector2iEEZN12EntityPlacer13setup_factoryEvEUlS1_S3_E4_E9_M_invokeERKSt9_Any_dataS1_S5_
FN:288,_ZNSt17_Function_handlerIFbR5WorldRKN2sf8Vector2iEEZN12EntityPlacer13setup_factoryEvEUlS1_S3_E5_E9_M_invokeERKSt9_Any_dataS1_S5_
FNDA:0,_ZNSt17_Function_handlerIFbR5WorldRKN2sf8Vector2iEEZN12EntityPlacer13setup_factoryEvEUlS1_S3_E5_E9_M_invokeERKSt9_Any_dataS1_S5_
FN:288,_ZNSt17_Function_handlerIFbR5WorldRKN2sf8Vector2iEEZN12EntityPlacer13setup_factoryEvEUlS1_S3_E6_E9_M_invokeERKSt9_Any_dataS1_S5_
FNDA:0,_ZNSt17_Function_handlerIFbR5WorldRKN2sf8Vector2iEEZN12EntityPlacer13setup_factoryEvEUlS1_S3_E6_E9_M_invokeERKSt9_Any_dataS1_S5_
FN:288,_ZNSt17_Function_handlerIFbR5WorldRKN2sf8Vector2iEEZN12EntityPlacer13setup_factoryEvEUlS1_S3_E7_E9_M_invokeERKSt9_Any_dataS1_S5_
FNDA:0,_ZNSt17_Function_handlerIFbR5WorldRKN2sf8Vector2iEEZN12EntityPlacer13setup_factoryEvEUlS1_S3_E7_E9_M_invokeERKSt9_Any_dataS1_S5_
FN:288,_ZNSt17_Function_handlerIFbR5WorldRKN2sf8Vector2iEEZN12EntityPlacer13setup_factoryEvEUlS1_S3_E8_E9_M_invokeERKSt9_Any_dataS1_S5_
FNDA:0,_ZNSt17_Function_handlerIFbR5WorldRKN2sf8Vector2iEEZN12EntityPlacer13setup_factoryEvEUlS1_S3_E8_E9_M_invokeERKSt9_Any_dataS1_S5_
FN:487,_ZNSt8functionIFbR5WorldRKN2sf8Vector2iEEEaSEOS7_
FNDA:30,_ZNSt8functionIFbR5WorldRKN2sf8Vector2iEEEaSEOS7_
FN:586,_ZNKSt8functionIFbR5WorldRKN2sf8Vector2iEEEclES1_S5_
FNDA:0,_ZNKSt8functionIFbR5WorldRKN2sf8Vector2iEEEclES1_S5_
DA:86,0
DA:91,0
DA:95,0
DA:96,0
DA:134,0
DA:138,0
DA:166,30
DA:168,30
DA:180,30
DA:183,30
DA:187,0
DA:191,0
DA:193,0
DA:194,0
DA:195,0
DA:202,30
DA:203,30
DA:204,30
DA:211,30
DA:235,30
DA:239,90
DA:241,116
DA:243,116
DA:244,56
DA:245,116
DA:247,30
DA:267,3
DA:270,3
DA:273,0
DA:274,0
DA:275,0
DA:277,0
DA:278,0
DA:279,0
DA:281,3
DA:282,3
DA:284,3
DA:267,3
DA:270,3
DA:273,0
DA:274,0
DA:275,0
DA:277,0
DA:278,0
DA:279,0
DA:281,3
DA:282,3
DA:284,3
DA:267,3
DA:270,3
DA:273,0
DA:274,0
DA:275,0
DA:277,0
DA:278,0
DA:279,0
DA:281,3
DA:282,3
DA:284,3
DA:267,3
DA:270,3
DA:273,0
DA:274,0
DA:275,0
DA:277,0
DA:278,0
DA:279,0
DA:281,3
DA:282,3
DA:284,3
DA:267,3
DA:270,3
DA:273,0
DA:274,0
DA:275,0
DA:277,0
DA:278,0
DA:279,0
DA:281,3
DA:282,3
DA:284,3
DA:267,3
DA:270,3
DA:273,0
DA:274,0
DA:275,0
DA:277,0
DA:278,0
DA:279,0
DA:281,3
DA:282,3
DA:284,3
DA:267,3
DA:270,3
DA:273,0
DA:274,0
DA:275,0
DA:277,0
DA:278,0
DA:279,0
DA:281,3
DA:282,3
DA:284,3
DA:267,3
DA:270,3
DA:273,0
DA:274,0
DA:275,0
DA:277,0
DA:278,0
DA:279,0
DA:281,3
DA:282,3
DA:284,3
DA:267,3
DA:270,3
DA:273,0
DA:274,0
DA:275,0
DA:277,0
DA:278,0
DA:279,0
DA:281,3
DA:282,3
DA:284,3
DA:267,3
DA:270,3
DA:273,0
DA:274,0
DA:275,0
DA:277,0
DA:278,0
DA:279,0
DA:281,3
DA:282,3
DA:284,3
DA:288,0
DA:290,0
DA:291,0
DA:288,0
DA:290,0
DA:291,0
DA:288,0
DA:290,0
DA:291,0
DA:288,0
DA:290,0
DA:291,0
DA:288,0
DA:290,0
DA:291,0
DA:288,0
DA:290,0
DA:291,0
DA:288,0
DA:290,0
DA:291,0
DA:288,0
DA:290,0
DA:291,0
DA:288,0
DA:290,0
DA:291,0
DA:288,0
DA:290,0
DA:291,0
DA:334,33
DA:368,30
DA:369,30
DA:404,30
DA:405,30
DA:407,30
DA:409,30
DA:410,30
DA:411,30
DA:412,30
DA:435,30
DA:437,30
DA:447,30
DA:449,30
DA:451,30
DA:452,30
DA:487,30
DA:489,90
DA:490,30
DA:555,30
DA:557,30
DA:558,30
DA:559,30
DA:572,30
DA:573,30
DA:586,0
DA:588,0
DA:589,0
DA:590,0
end_of_record
SF:/usr/include/c++/11/bits/vector.tcc
FN:109,_ZNSt6vectorIPN8minerals17ResourceStructureESaIS2_EE12emplace_backIJS2_EEERS2_DpOT_
FNDA:380,_ZNSt6vectorIPN8minerals17ResourceStructureESaIS2_EE12emplace_backIJS2_EEERS2_DpOT_
FN:426,_ZNSt6vectorIPN8minerals17ResourceStructureESaIS2_EE17_M_realloc_insertIJS2_EEEvN9__gnu_cxx17__normal_iteratorIPS2_S4_EEDpOT_
FNDA:114,_ZNSt6vectorIPN8minerals17ResourceStructureESaIS2_EE17_M_realloc_insertIJS2_EEEvN9__gnu_cxx17__normal_iteratorIPS2_S4_EEDpOT_
DA:109,380
DA:112,380
DA:115,266
DA:117,266
DA:121,114
DA:123,380
DA:426,114
DA:436,114
DA:437,114
DA:438,114
DA:439,114
DA:440,114
DA:441,114
DA:449,114
DA:450,114
DA:456,114
DA:461,114
DA:462,114
DA:464,114
DA:466,228
DA:467,114
DA:500,228
DA:501,114
DA:502,114
DA:503,114
DA:504,114
DA:505,114
end_of_record
SF:/usr/include/c++/11/bits/hashtable_policy.h
FN:696,_ZNSt8__detail9_Map_baseIiSt4pairIKiSt8functionIFbR5WorldRKN2sf8Vector2iEEEESaISC_ENS_10_Select1stESt8equal_toIiESt4hashIiENS_18_Mod_range_hashingENS_20_Default_ranged_hashENS_20_Prime_rehash_policyENS_17_Hashtable_traitsILb0ELb0ELb1EEELb1EEixERS2_
FNDA:30,_ZNSt8__detail9_Map_baseIiSt4pairIKiSt8functionIFbR5WorldRKN2sf8Vector2iEEEESaISC_ENS_10_Select1stESt8equal_toIiESt4hashIiENS_18_Mod_range_hashingENS_20_Default_ranged_hashENS_20_Prime_rehash_policyENS_17_Hashtable_traitsILb0ELb0ELb1EEELb1EEixERS2_
FN:1870,_ZNSt8__detail16_Hashtable_allocISaINS_10_Hash_nodeISt4pairIKiSt8functionIFbR5WorldRKN2sf8Vector2iEEEELb0EEEEE16_M_allocate_nodeIJRKSt21piecewise_construct_tSt5tupleIJRS3_EESL_IJEEEEEPSE_DpOT_
FNDA:30,_ZNSt8__detail16_Hashtable_allocISaINS_10_Hash_nodeISt4pairIKiSt8functionIFbR5WorldRKN2sf8Vector2iEEEELb0EEEEE16_M_allocate_nodeIJRKSt21piecewise_construct_tSt5tupleIJRS3_EESL_IJEEEEEPSE_DpOT_
FN:1892,_ZNSt8__detail16_Hashtable_allocISaINS_10_Hash_nodeISt4pairIKiSt8functionIFbvEEELb0EEEEE18_M_deallocate_nodeEPS8_
FNDA:0,_ZNSt8__detail16_Hashtable_allocISaINS_10_Hash_nodeISt4pairIKiSt8functionIFbvEEELb0EEEEE18_M_deallocate_nodeEPS8_
FN:1892,_ZNSt8__detail16_Hashtable_allocISaINS_10_Hash_nodeISt4pairIKiSt8functionIFbR5WorldRKN2sf8Vector2iEEEELb0EEEEE18_M_deallocate_nodeEPSE_
FNDA:30,_ZNSt8__detail16_Hashtable_allocISaINS_10_Hash_nodeISt4pairIKiSt8functionIFbR5WorldRKN2sf8Vector2iEEEELb0EEEEE18_M_deallocate_nodeEPSE_
FN:1900,_ZNSt8__detail16_Hashtable_allocISaINS_10_Hash_nodeISt4pairIKiSt8functionIFbvEEELb0EEEEE22_M_deallocate_node_ptrEPS8_
FNDA:0,_ZNSt8__detail16_Hashtable_allocISaINS_10_Hash_nodeISt4pairIKiSt8functionIFbvEEELb0EEEEE22_M_deallocate_node_ptrEPS8_
FN:1900,_ZNSt8__detail16_Hashtable_allocISaINS_10_Hash_nodeISt4pairIKiSt8functionIFbR5WorldRKN2sf8Vector2iEEEELb0EEEEE22_M_deallocate_node_ptrEPSE_
FNDA:30,_ZNSt8__detail16_Hashtable_allocISaINS_10_Hash_nodeISt4pairIKiSt8functionIFbR5WorldRKN2sf8Vector2iEEEELb0EEEEE22_M_deallocate_node_ptrEPSE_
FN:1910,_ZNSt8__detail16_Hashtable_allocISaINS_10_Hash_nodeISt4pairIKiSt8functionIFbvEEELb0EEEEE19_M_deallocate_nodesEPS8_
FNDA:3,_ZNSt8__detail16_Hashtable_allocISaINS_10_Hash_nodeISt4pairIKiSt8functionIFbvEEELb0EEEEE19_M_deallocate_nodesEPS8_
FN:1910,_ZNSt8__detail16_Hashtable_allocISaINS_10_Hash_nodeISt4pairIKiSt8functionIFbR5WorldRKN2sf8Vector2iEEEELb0EEEEE19_M_deallocate_nodesEPSE_
FNDA:3,_ZNSt8__detail16_Hashtable_allocISaINS_10_Hash_nodeISt4pairIKiSt8functionIFbR5WorldRKN2sf8Vector2iEEEELb0EEEEE19_M_deallocate_nodesEPSE_
FN:1922,_ZNSt8__detail16_Hashtable_allocISaINS_10_Hash_nodeISt4pairIKiSt8functionIFbR5WorldRKN2sf8Vector2iEEEELb0EEEEE19_M_allocate_bucketsEm
FNDA:3,_ZNSt8__detail16_Hashtable_allocISaINS_10_Hash_nodeISt4pairIKiSt8functionIFbR5WorldRKN2sf8Vector2iEEEELb0EEEEE19_M_allocate_bucketsEm
FN:1935,_ZNSt8__detail16_Hashtable_allocISaINS_10_Hash_nodeISt4pairIKiSt8functionIFbvEEELb0EEEEE21_M_deallocate_bucketsEPPNS_15_Hash_node_baseEm
FNDA:0,_ZNSt8__detail16_Hashtable_allocISaINS_10_Hash_nodeISt4pairIKiSt8functionIFbvEEELb0EEEEE21_M_deallocate_bucketsEPPNS_15_Hash_node_baseEm
FN:1935,_ZNSt8__detail16_Hashtable_allocISaINS_10_Hash_nodeISt4pairIKiSt8functionIFbR5WorldRKN2sf8Vector2iEEEELb0EEEEE21_M_deallocate_bucketsEPPNS_15_Hash_node_baseEm
FNDA:3,_ZNSt8__detail16_Hashtable_allocISaINS_10_Hash_nodeISt4pairIKiSt8functionIFbR5WorldRKN2sf8Vector2iEEEELb0EEEEE21_M_deallocate_bucketsEPPNS_15_Hash_node_baseEm
DA:219,33
DA:238,90
DA:242,27
DA:246,0
DA:277,30
DA:282,30
DA:283,0
DA:295,30
DA:338,30
DA:339,30
DA:346,30
DA:347,30
DA:385,0
DA:386,0
DA:398,0
DA:428,60
DA:430,27
DA:446,3
DA:447,3
DA:473,30
DA:474,30
DA:481,0
DA:482,0
DA:696,30
DA:701,30
DA:702,30
DA:703,30
DA:704,0
DA:705,0
DA:707,30
DA:710,30
DA:711,30
DA:714,30
DA:715,30
DA:716,30
DA:717,30
DA:1124,6
DA:1127,3
DA:1210,3
DA:1215,57
DA:1219,57
DA:1232,33
DA:1233,33
DA:1236,27
DA:1242,27
DA:1604,3
DA:1611,0
DA:1617,0
DA:1802,6
DA:1823,3
DA:1870,30
DA:1873,30
DA:1874,30
DA:1877,30
DA:1878,30
DA:1881,30
DA:1892,0
DA:1894,0
DA:1895,0
DA:1896,0
DA:1892,30
DA:1894,30
DA:1895,30
DA:1896,30
DA:1900,0
DA:1903,0
DA:1904,0
DA:1905,0
DA:1906,0
DA:1900,30
DA:1903,30
DA:1904,30
DA:1905,30
DA:1906,30
DA:1910,3
DA:1912,3
DA:1914,0
DA:1915,0
DA:1916,0
DA:1918,3
DA:1910,3
DA:1912,33
DA:1914,30
DA:1915,30
DA:1916,30
DA:1918,3
DA:1922,3
DA:1925,3
DA:1927,3
DA:1928,3
DA:1929,3
DA:1930,3
DA:1931,3
DA:1935,0
DA:1940,0
DA:1941,0
DA:1942,0
DA:1943,0
DA:1935,3
DA:1940,3
DA:1941,3
DA:1942,3
DA:1943,3
end_of_record
SF:/usr/include/c++/11/bits/allocator.h
DA:156,3
DA:159,36672
DA:160,36672
DA:169,6
DA:174,0
end_of_record
SF:/usr/include/c++/11/bits/stl_function.h
DA:369,0
DA:370,0
end_of_record
SF:/usr/include/c++/11/bits/stl_vector.h
FN:1756,_ZNKSt6vectorIPN8minerals17ResourceStructureESaIS2_EE12_M_check_lenEmPKc
FNDA:114,_ZNKSt6vectorIPN8minerals17ResourceStructureESaIS2_EE12_M_check_lenEmPKc
DA:277,114
DA:343,114
DA:346,114
DA:350,114
DA:353,114
DA:354,95
DA:453,228
DA:456,228
DA:465,209
DA:469,114
DA:811,114
DA:812,114
DA:829,494
DA:830,114
DA:918,114
DA:919,114
DA:924,114
DA:1143,380
DA:1146,380
DA:1203,0
DA:1204,0
DA:1756,114
DA:1758,114
DA:1759,0
DA:1761,114
DA:1762,114
end_of_record
SF:/usr/include/c++/11/bits/stl_algobase.h
DA:254,114
DA:259,114
DA:260,19
end_of_record
SF:/usr/include/c++/11/bits/char_traits.h
DA:356,620326
DA:357,36672
DA:393,0
DA:396,0
DA:399,0
DA:429,2516
[...]
FN:4,_ZN8minerals4TreeC2Eii
FNDA:82,_ZN8minerals4TreeC2Eii
FN:12,_ZNK8minerals4Tree8get_typeEv
FNDA:12,_ZNK8minerals4Tree8get_typeEv
FN:16,_ZN8minerals4Tree12update_logicEf
FNDA:40,_ZN8minerals4Tree12update_logicEf
FN:23,_ZN8minerals4Tree7harvestEv
FNDA:2,_ZN8minerals4Tree7harvestEv
FN:34,_ZNK8minerals4Tree18play_destroy_soundER11SoundPlayer
FNDA:0,_ZNK8minerals4Tree18play_destroy_soundER11SoundPlayer
DA:4,82
DA:5,82
DA:6,82
DA:8,82
DA:10,82
DA:12,12
DA:13,12
DA:16,40
DA:17,40
DA:18,40
DA:19,0
DA:21,40
DA:23,2
DA:24,2
DA:25,2
DA:26,1
DA:27,1
DA:30,2
DA:34,0
DA:35,0
DA:36,0
end_of_record
SF:/usr/include/c++/11/ext/new_allocator.h
DA:79,82
DA:82,82
DA:89,82
end_of_record
SF:/usr/include/c++/11/bits/basic_string.h
FN:533,_ZNSt7__cxx1112basic_stringIcSt11char_traitsIcESaIcEEC2IS3_EEPKcRKS3_
FNDA:82,_ZNSt7__cxx1112basic_stringIcSt11char_traitsIcESaIcEEC2IS3_EEPKcRKS3_
DA:158,82
DA:164,82
DA:165,82
DA:186,0
DA:187,0
DA:190,0
DA:191,0
DA:194,0
DA:195,0
DA:198,82
DA:201,82
DA:218,0
DA:219,0
DA:222,0
DA:224,0
DA:225,0
DA:404,0
DA:406,0
DA:533,82
DA:534,82
DA:536,82
DA:539,82
DA:540,82
DA:671,82
DA:672,82
end_of_record
SF:/usr/include/c++/11/bits/allocator.h
DA:156,82
DA:159,82
DA:160,82
DA:174,82
end_of_record
SF:/usr/include/c++/11/bits/stl_iterator_base_funcs.h
DA:98,0
DA:104,0
DA:138,0
DA:141,0
end_of_record
SF:/usr/include/c++/11/iostream
end_of_record
TN:
SF:/usr/include/c++/11/bits/stl_iterator.h
DA:1027,54
DA:1033,108
DA:1037,108
DA:1052,1640
DA:1054,253
DA:1055,436
DA:1105,27
DA:1268,91
DA:1271,91
end_of_record
SF:/usr/include/c++/11/bits/char_traits.h
DA:356,15
DA:357,15
DA:372,1
DA:374,1
DA:377,1
DA:389,1
DA:393,0
DA:396,0
DA:399,0
end_of_record
SF:/usr/include/c++/11/bits/stl_pair.h
DA:211,0
end_of_record
SF:/usr/include/c++/11/bits/hashtable_policy.h
FN:696,_ZNSt8__detail9_Map_baseINSt7__cxx1112basic_stringIcSt11char_traitsIcESaIcEEESt4pairIKS6_S6_ESaIS9_ENS_10_Select1stESt8equal_toIS6_ESt4hashIS6_ENS_18_Mod_range_hashingENS_20_Default_ranged_hashENS_20_Prime_rehash_policyENS_17_Hashtable_traitsILb1ELb0ELb1EEELb1EEixERS8_
FNDA:13,_ZNSt8__detail9_Map_baseINSt7__cxx1112basic_stringIcSt11char_traitsIcESaIcEEESt4pairIKS6_S6_ESaIS9_ENS_10_Select1stESt8equal_toIS6_ESt4hashIS6_ENS_18_Mod_range_hashingENS_20_Default_ranged_hashENS_20_Prime_rehash_policyENS_17_Hashtable_traitsILb1ELb0ELb1EEELb1EEixERS8_
FN:1870,_ZNSt8__detail16_Hashtable_allocISaINS_10_Hash_nodeISt4pairIKNSt7__cxx1112basic_stringIcSt11char_traitsIcESaIcEEES8_ELb1EEEEE16_M_allocate_nodeIJRKSt21piecewise_construct_tSt5tupleIJRS9_EESI_IJEEEEEPSB_DpOT_
FNDA:13,_ZNSt8__detail16_Hashtable_allocISaINS_10_Hash_nodeISt4pairIKNSt7__cxx1112basic_stringIcSt11char_traitsIcESaIcEEES8_ELb1EEEEE16_M_allocate_nodeIJRKSt21piecewise_construct_tSt5tupleIJRS9_EESI_IJEEEEEPSB_DpOT_
FN:1892,_ZNSt8__detail16_Hashtable_allocISaINS_10_Hash_nodeISt4pairIKNSt7__cxx1112basic_stringIcSt11char_traitsIcESaIcEEES8_ELb1EEEEE18_M_deallocate_nodeEPSB_
FNDA:0,_ZNSt8__detail16_Hashtable_allocISaINS_10_Hash_nodeISt4pairIKNSt7__cxx1112basic_stringIcSt11char_traitsIcESaIcEEES8_ELb1EEEEE18_M_deallocate_nodeEPSB_
FN:1900,_ZNSt8__detail16_Hashtable_allocISaINS_10_Hash_nodeISt4pairIKNSt7__cxx1112basic_stringIcSt11char_traitsIcESaIcEEES8_ELb1EEEEE22_M_deallocate_node_ptrEPSB_
FNDA:0,_ZNSt8__detail16_Hashtable_allocISaINS_10_Hash_nodeISt4pairIKNSt7__cxx1112basic_stringIcSt11char_traitsIcESaIcEEES8_ELb1EEEEE22_M_deallocate_node_ptrEPSB_
FN:1910,_ZNSt8__detail16_Hashtable_allocISaINS_10_Hash_nodeISt4pairIKNSt7__cxx1112basic_stringIcSt11char_traitsIcESaIcEEES8_ELb1EEEEE19_M_deallocate_nodesEPSB_
FNDA:0,_ZNSt8__detail16_Hashtable_allocISaINS_10_Hash_nodeISt4pairIKNSt7__cxx1112basic_stringIcSt11char_traitsIcESaIcEEES8_ELb1EEEEE19_M_deallocate_nodesEPSB_
FN:1922,_ZNSt8__detail16_Hashtable_allocISaINS_10_Hash_nodeISt4pairIKNSt7__cxx1112basic_stringIcSt11char_traitsIcESaIcEEES8_ELb1EEEEE19_M_allocate_bucketsEm
FNDA:1,_ZNSt8__detail16_Hashtable_allocISaINS_10_Hash_nodeISt4pairIKNSt7__cxx1112basic_stringIcSt11char_traitsIcESaIcEEES8_ELb1EEEEE19_M_allocate_bucketsEm
FN:1935,_ZNSt8__detail16_Hashtable_allocISaINS_10_Hash_nodeISt4pairIKNSt7__cxx1112basic_stringIcSt11char_traitsIcESaIcEEES8_ELb1EEEEE21_M_deallocate_bucketsEPPNS_15_Hash_node_baseEm
FNDA:0,_ZNSt8__detail16_Hashtable_allocISaINS_10_Hash_nodeISt4pairIKNSt7__cxx1112basic_stringIcSt11char_traitsIcESaIcEEES8_ELb1EEEEE21_M_deallocate_bucketsEPPNS_15_Hash_node_baseEm
DA:93,1
DA:95,1
DA:219,14
DA:238,27
DA:242,1
DA:246,0
DA:277,13
DA:282,0
DA:283,0
DA:295,17
DA:338,13
DA:339,13
DA:346,13
DA:347,13
DA:385,4
DA:386,2
DA:398,1
DA:428,28
DA:430,28
DA:446,1
DA:447,1
DA:473,13
DA:474,13
DA:481,0
DA:482,0
DA:696,13
DA:701,13
DA:702,13
DA:703,13
DA:704,0
DA:705,0
DA:707,13
DA:710,13
DA:711,13
DA:714,13
DA:715,13
DA:716,13
DA:717,13
DA:1127,1
DA:1210,1
DA:1215,15
DA:1219,15
DA:1232,16
DA:1233,16
DA:1247,12
DA:1251,12
DA:1263,13
DA:1264,13
DA:1595,6
DA:1596,6
DA:1604,1
DA:1611,6
DA:1617,6
DA:1823,1
DA:1870,13
DA:1873,13
DA:1874,13
DA:1877,13
DA:1878,13
DA:1881,13
DA:1883,0
DA:1885,0
DA:1886,0
DA:1892,0
DA:1894,0
DA:1895,0
DA:1896,0
DA:1900,0
DA:1903,0
DA:1904,0
DA:1905,0
DA:1906,0
DA:1910,0
DA:1912,0
DA:1914,0
DA:1915,0
DA:1916,0
DA:1918,0
DA:1922,1
DA:1925,1
DA:1927,1
DA:1928,1
DA:1929,1
DA:1930,1
DA:1931,1
DA:1935,0
DA:1940,0
DA:1941,0
DA:1942,0
DA:1943,0
end_of_record
SF:/usr/include/c++/11/bits/locale_facets.h
FN:875,_ZNKSt5ctypeIcE5widenEc
FNDA:28,_ZNKSt5ctypeIcE5widenEc
DA:875,28
DA:877,28
DA:878,28
DA:879,0
DA:880,0
end_of_record
SF:/usr/include/c++/11/bits/fs_path.h
FN:288,_ZNSt10filesystem7__cxx114pathC2INSt7__cxx1112basic_stringIcSt11char_traitsIcESaIcEEES1_EERKT_NS1_6formatE
FNDA:3,_ZNSt10filesystem7__cxx114pathC2INSt7__cxx1112basic_stringIcSt11char_traitsIcESaIcEEES1_EERKT_NS1_6formatE
DA:162,3
DA:163,3
DA:288,3
DA:289,3
DA:290,3
DA:313,4
DA:471,1
DA:584,3
DA:647,4
end_of_record
SF:/usr/include/c++/11/bits/unique_ptr.h
FN:355,_ZNSt10unique_ptrINSt10filesystem7__cxx114path5_List5_ImplENS3_13_Impl_deleterEED2Ev
FNDA:4,_ZNSt10unique_ptrINSt10filesystem7__cxx114path5_List5_ImplENS3_13_Impl_deleterEED2Ev
DA:172,4
DA:174,4
DA:355,4
DA:359,4
DA:360,4
DA:361,4
DA:363,4
DA:426,4
DA:427,4
end_of_record
SF:/usr/include/c++/11/bits/basic_string.tcc
FN:206,_ZNSt7__cxx1112basic_stringIcSt11char_traitsIcESaIcEE12_M_constructIPcEEvT_S7_St20forward_iterator_tag
FNDA:0,_ZNSt7__cxx1112basic_stringIcSt11char_traitsIcESaIcEE12_M_constructIPcEEvT_S7_St20forward_iterator_tag
FN:206,_ZNSt7__cxx1112basic_stringIcSt11char_traitsIcESaIcEE12_M_constructIPKcEEvT_S8_St20forward_iterator_tag
FNDA:0,_ZNSt7__cxx1112basic_stringIcSt11char_traitsIcESaIcEE12_M_constructIPKcEEvT_S8_St20forward_iterator_tag
FN:1169,_ZStplIcSt11char_traitsIcESaIcEENSt7__cxx1112basic_stringIT_T0_T1_EEPKS5_RKS8_
FNDA:0,_ZStplIcSt11char_traitsIcESaIcEENSt7__cxx1112basic_stringIT_T0_T1_EEPKS5_RKS8_
DA:206,0
DA:211,0
DA:212,0
DA:215,0
DA:217,0
DA:219,0
DA:220,0
DA:225,0
DA:232,0
DA:233,0
DA:206,0
DA:211,0
DA:212,0
DA:215,0
DA:217,0
DA:219,0
DA:220,0
DA:225,0
DA:232,0
DA:233,0
DA:1169,0
DA:1178,0
DA:1179,0
DA:1181,0
DA:1182,0
DA:1183,0
DA:1184,0
DA:1185,0
end_of_record
SF:/usr/include/c++/11/ext/aligned_buffer.h
DA:104,13
DA:110,1
DA:115,27
end_of_record
SF:/usr/include/c++/11/fstream
DA:270,3
DA:271,3
DA:645,2
DA:646,2
DA:908,1
DA:909,1
end_of_record
SF:/usr/include/c++/11/bits/unordered_map.h
DA:141,1
DA:356,2
DA:357,2
DA:790,0
DA:791,0
DA:879,2
DA:880,2
DA:979,13
DA:980,13
end_of_record
SF:/usr/include/c++/11/ext/new_allocator.h
FN:103,_ZN9__gnu_cxx13new_allocatorIPNSt8__detail15_Hash_node_baseEE8allocateEmPKv
FNDA:1,_ZN9__gnu_cxx13new_allocatorIPNSt8__detail15_Hash_node_baseEE8allocateEmPKv
FN:103,_ZN9__gnu_cxx13new_allocatorINSt8__detail10_Hash_nodeISt4pairIKNSt7__cxx1112basic_stringIcSt11char_traitsIcESaIcEEES9_ELb1EEEE8allocateEmPKv
FNDA:13,_ZN9__gnu_cxx13new_allocatorINSt8__detail10_Hash_nodeISt4pairIKNSt7__cxx1112basic_stringIcSt11char_traitsIcESaIcEEES9_ELb1EEEE8allocateEmPKv
DA:79,19
DA:82,18
DA:89,38
DA:103,1
DA:111,1
DA:115,0
DA:116,0
DA:117,0
DA:127,1
DA:103,13
DA:111,13
DA:115,0
DA:116,0
DA:117,0
DA:127,13
DA:132,0
DA:145,0
DA:160,13
DA:162,13
DA:166,0
DA:168,0
end_of_record
SF:/usr/include/c++/11/bits/stl_function.h
DA:369,1
DA:370,1
end_of_record
SF:/usr/include/c++/11/bits/stl_algobase.h
FN:2061,_ZSt9__find_ifIN9__gnu_cxx17__normal_iteratorIPcNSt7__cxx1112basic_stringIcSt11char_traitsIcESaIcEEEEENS0_5__ops16_Iter_equals_valIKcEEET_SE_SE_T0_St26random_access_iterator_tag
FNDA:54,_ZSt9__find_ifIN9__gnu_cxx17__normal_iteratorIPcNSt7__cxx1112basic_stringIcSt11char_traitsIcESaIcEEEEENS0_5__ops16_Iter_equals_valIKcEEET_SE_SE_T0_St26random_access_iterator_tag
DA:2061,54
DA:2065,54
DA:2067,256
DA:2069,219
DA:2070,0
DA:2071,219
DA:2073,219
DA:2074,2
DA:2075,217
DA:2077,217
DA:2078,6
DA:2079,211
DA:2081,211
DA:2082,9
DA:2083,202
DA:2086,37
DA:2088,7
DA:2089,7
DA:2090,1
DA:2091,12
DA:2093,12
DA:2094,12
DA:2095,2
DA:2096,15
DA:2098,15
DA:2099,15
DA:2100,0
DA:2103,34
DA:2105,34
DA:2112,54
DA:2114,54
end_of_record
SF:/usr/include/c++/11/bits/allocator.h
DA:156,18
DA:159,18
DA:160,3
DA:169,1
DA:174,38
end_of_record
SF:/mnt/c/users/gabci/desktop/nhf2/src/YAMLParser.cpp
FN:9,_ZN10YAMLParserC2Ev
FNDA:1,_ZN10YAMLParserC2Ev
FN:13,_ZN10YAMLParser10parse_fileERKNSt7__cxx1112basic_stringIcSt11char_traitsIcESaIcEEE
FNDA:2,_ZN10YAMLParser10parse_fileERKNSt7__cxx1112basic_stringIcSt11char_traitsIcESaIcEEE
FN:48,_ZNK10YAMLParser16get_value_of_keyERKNSt7__cxx1112basic_stringIcSt11char_traitsIcESaIcEEE
FNDA:2,_ZNK10YAMLParser16get_value_of_keyERKNSt7__cxx1112basic_stringIcSt11char_traitsIcESaIcEEE
FN:53,_ZN10YAMLParser24try_generate_config_fileERKNSt7__cxx1112basic_stringIcSt11char_traitsIcESaIcEEE
FNDA:2,_ZN10YAMLParser24try_generate_config_fileERKNSt7__cxx1112basic_stringIcSt11char_traitsIcESaIcEEE
DA:9,1
DA:10,1
DA:11,1
DA:13,2
DA:14,2
DA:15,0
DA:18,2
DA:19,2
DA:20,2
DA:21,1
DA:22,2
DA:23,1
DA:26,1
DA:29,28
DA:31,27
DA:32,27
DA:33,27
DA:35,13
DA:36,13
DA:38,26
DA:39,13
DA:42,1
DA:44,1
DA:45,1
DA:46,2
DA:48,2
DA:49,2
DA:50,2
DA:53,2
DA:54,2
DA:56,4
DA:60,1
DA:61,2
DA:62,0
DA:65,1
DA:66,1
DA:70,1
DA:71,1
DA:100,1
DA:102,3
end_of_record
SF:/usr/include/c++/11/utility
DA:188,1
DA:189,1
DA:233,1
DA:234,1
end_of_record
SF:/usr/include/c++/11/bits/fs_ops.h
FN:133,_ZNSt10filesystem6existsERKNS_7__cxx114pathE
FNDA:2,_ZNSt10filesystem6existsERKNS_7__cxx114pathE
DA:128,2
DA:129,2
DA:133,2
DA:134,2
end_of_record
SF:/usr/include/c++/11/bits/basic_string.h
FN:533,_ZNSt7__cxx1112basic_stringIcSt11char_traitsIcESaIcEEC2IS3_EEPKcRKS3_
FNDA:0,_ZNSt7__cxx1112basic_stringIcSt11char_traitsIcESaIcEEC2IS3_EEPKcRKS3_
FN:664,_ZNSt7__cxx1112basic_stringIcSt11char_traitsIcESaIcEEC2ISt17basic_string_viewIcS2_EvEERKT_RKS3_
FNDA:3,_ZNSt7__cxx1112basic_stringIcSt11char_traitsIcESaIcEEC2ISt17basic_string_viewIcS2_EvEERKT_RKS3_
FN:6234,_ZSteqIcEN9__gnu_cxx11__enable_ifIXsrSt9__is_charIT_E7__valueEbE6__typeERKNSt7__cxx1112basic_stringIS3_St11char_traitsIS3_ESaIS3_EEESE_
FNDA:1,_ZSteqIcEN9__gnu_cxx11__enable_ifIXsrSt9__is_charIT_E7__valueEbE6__typeERKNSt7__cxx1112basic_stringIS3_St11char_traitsIS3_ESaIS3_EEESE_
DA:133,3
DA:142,3
DA:153,3
DA:154,3
DA:158,34
DA:164,3
DA:165,3
DA:167,15
DA:168,15
DA:186,0
DA:187,0
DA:190,15
DA:191,15
DA:194,126
DA:195,0
DA:198,2
DA:201,13
DA:218,0
DA:219,0
DA:222,15
DA:224,15
DA:225,15
DA:251,3
DA:255,3
DA:271,3
DA:274,3
DA:299,0
DA:400,0
DA:401,0
DA:404,0
DA:406,0
DA:439,15
DA:441,15
DA:442,15
DA:448,0
DA:449,0
DA:450,0
DA:518,3
DA:520,3
DA:521,3
DA:533,0
DA:534,0
DA:536,0
DA:539,0
DA:540,0
DA:664,3
DA:665,3
DA:671,14
DA:672,20
DA:679,13
DA:681,13
DA:806,3
DA:807,3
DA:816,54
DA:817,54
DA:832,54
DA:833,54
DA:920,105
DA:921,74
DA:926,15
DA:927,15
DA:1023,1
DA:1024,1
DA:1055,27
DA:1059,27
DA:1062,27
DA:1213,0
DA:1214,0
DA:1356,13
DA:1387,13
DA:2332,45
DA:2333,3
DA:2351,0
DA:2352,0
DA:2381,26
DA:2383,26
DA:6234,1
DA:6236,1
DA:6237,1
DA:6238,1
DA:6875,15
DA:6876,15
end_of_record
SF:/usr/include/c++/11/ext/alloc_traits.h
DA:97,0
DA:98,0
end_of_record
SF:/usr/include/c++/11/string_view
DA:137,3
DA:211,3
DA:263,3
end_of_record
SF:/usr/include/c++/11/bits/stl_algo.h
FN:813,_ZSt11__remove_ifIN9__gnu_cxx17__normal_iteratorIPcNSt7__cxx1112basic_stringIcSt11char_traitsIcESaIcEEEEENS0_5__ops16_Iter_equals_valIKcEEET_SE_SE_T0_
FNDA:54,_ZSt11__remove_ifIN9__gnu_cxx17__normal_iteratorIPcNSt7__cxx1112basic_stringIcSt11char_traitsIcESaIcEEEEENS0_5__ops16_Iter_equals_valIKcEEET_SE_SE_T0_
DA:813,54
DA:816,54
DA:817,54
DA:818,34
DA:819,20
DA:820,420
DA:821,420
DA:822,400
DA:824,355
DA:825,400
DA:827,20
DA:850,54
DA:860,54
end_of_record
SF:/usr/include/c++/11/iostream
end_of_record
SF:/usr/include/c++/11/bits/hashtable.h
FN:308,_ZNSt10_HashtableINSt7__cxx1112basic_stringIcSt11char_traitsIcESaIcEEESt4pairIKS5_S5_ESaIS8_ENSt8__detail10_Select1stESt8equal_toIS5_ESt4hashIS5_ENSA_18_Mod_range_hashingENSA_20_Default_ranged_hashENSA_20_Prime_rehash_policyENSA_17_Hashtable_traitsILb1ELb0ELb1EEEE12_Scoped_nodeD2Ev
FNDA:13,_ZNSt10_HashtableINSt7__cxx1112basic_stringIcSt11char_traitsIcESaIcEEESt4pairIKS5_S5_ESaIS8_ENSt8__detail10_Select1stESt8equal_toIS5_ESt4hashIS5_ENSA_18_Mod_range_hashingENSA_20_Default_ranged_hashENSA_20_Prime_rehash_policyENSA_17_Hashtable_traitsILb1ELb0ELb1EEEE12_Scoped_nodeD2Ev
FN:453,_ZNSt10_HashtableINSt7__cxx1112basic_stringIcSt11char_traitsIcESaIcEEESt4pairIKS5_S5_ESaIS8_ENSt8__detail10_Select1stESt8equal_toIS5_ESt4hashIS5_ENSA_18_Mod_range_hashingENSA_20_Default_ranged_hashENSA_20_Prime_rehash_policyENSA_17_Hashtable_traitsILb1ELb0ELb1EEEE21_M_deallocate_bucketsEv
FNDA:1,_ZNSt10_HashtableINSt7__cxx1112basic_stringIcSt11char_traitsIcESaIcEEESt4pairIKS5_S5_ESaIS8_ENSt8__detail10_Select1stESt8equal_toIS5_ESt4hashIS5_ENSA_18_Mod_range_hashingENSA_20_Default_ranged_hashENSA_20_Prime_rehash_policyENSA_17_Hashtable_traitsILb1ELb0ELb1EEEE21_M_deallocate_bucketsEv
FN:1603,_ZNKSt10_HashtableINSt7__cxx1112basic_stringIcSt11char_traitsIcESaIcEEESt4pairIKS5_S5_ESaIS8_ENSt8__detail10_Select1stESt8equal_toIS5_ESt4hashIS5_ENSA_18_Mod_range_hashingENSA_20_Default_ranged_hashENSA_20_Prime_rehash_policyENSA_17_Hashtable_traitsILb1ELb0ELb1EEEE4findERS7_
FNDA:2,_ZNKSt10_HashtableINSt7__cxx1112basic_stringIcSt11char_traitsIcESaIcEEESt4pairIKS5_S5_ESaIS8_ENSt8__detail10_Select1stESt8equal_toIS5_ESt4hashIS5_ENSA_18_Mod_range_hashingENSA_20_Default_ranged_hashENSA_20_Prime_rehash_policyENSA_17_Hashtable_traitsILb1ELb0ELb1EEEE4findERS7_
FN:1827,_ZNKSt10_HashtableINSt7__cxx1112basic_stringIcSt11char_traitsIcESaIcEEESt4pairIKS5_S5_ESaIS8_ENSt8__detail10_Select1stESt8equal_toIS5_ESt4hashIS5_ENSA_18_Mod_range_hashingENSA_20_Default_ranged_hashENSA_20_Prime_rehash_policyENSA_17_Hashtable_traitsILb1ELb0ELb1EEEE19_M_find_before_nodeEmRS7_m
FNDA:15,_ZNKSt10_HashtableINSt7__cxx1112basic_stringIcSt11char_traitsIcESaIcEEESt4pairIKS5_S5_ESaIS8_ENSt8__detail10_Select1stESt8equal_toIS5_ESt4hashIS5_ENSA_18_Mod_range_hashingENSA_20_Default_ranged_hashENSA_20_Prime_rehash_policyENSA_17_Hashtable_traitsILb1ELb0ELb1EEEE19_M_find_before_nodeEmRS7_m
FN:1886,_ZNSt10_HashtableINSt7__cxx1112basic_stringIcSt11char_traitsIcESaIcEEESt4pairIKS5_S5_ESaIS8_ENSt8__detail10_Select1stESt8equal_toIS5_ESt4hashIS5_ENSA_18_Mod_range_hashingENSA_20_Default_ranged_hashENSA_20_Prime_rehash_policyENSA_17_Hashtable_traitsILb1ELb0ELb1EEEE22_M_insert_bucket_beginEmPNSA_10_Hash_nodeIS8_Lb1EEE
FNDA:13,_ZNSt10_HashtableINSt7__cxx1112basic_stringIcSt11char_traitsIcESaIcEEESt4pairIKS5_S5_ESaIS8_ENSt8__detail10_Select1stESt8equal_toIS5_ESt4hashIS5_ENSA_18_Mod_range_hashingENSA_20_Default_ranged_hashENSA_20_Prime_rehash_policyENSA_17_Hashtable_traitsILb1ELb0ELb1EEEE22_M_insert_bucket_beginEmPNSA_10_Hash_nodeIS8_Lb1EEE
FN:2008,_ZNSt10_HashtableINSt7__cxx1112basic_stringIcSt11char_traitsIcESaIcEEESt4pairIKS5_S5_ESaIS8_ENSt8__detail10_Select1stESt8equal_toIS5_ESt4hashIS5_ENSA_18_Mod_range_hashingENSA_20_Default_ranged_hashENSA_20_Prime_rehash_policyENSA_17_Hashtable_traitsILb1ELb0ELb1EEEE21_M_insert_unique_nodeEmmPNSA_10_Hash_nodeIS8_Lb1EEEm
FNDA:13,_ZNSt10_HashtableINSt7__cxx1112basic_stringIcSt11char_traitsIcESaIcEEESt4pairIKS5_S5_ESaIS8_ENSt8__detail10_Select1stESt8equal_toIS5_ESt4hashIS5_ENSA_18_Mod_range_hashingENSA_20_Default_ranged_hashENSA_20_Prime_rehash_policyENSA_17_Hashtable_traitsILb1ELb0ELb1EEEE21_M_insert_unique_nodeEmmPNSA_10_Hash_nodeIS8_Lb1EEEm
FN:2316,_ZNSt10_HashtableINSt7__cxx1112basic_stringIcSt11char_traitsIcESaIcEEESt4pairIKS5_S5_ESaIS8_ENSt8__detail10_Select1stESt8equal_toIS5_ESt4hashIS5_ENSA_18_Mod_range_hashingENSA_20_Default_ranged_hashENSA_20_Prime_rehash_policyENSA_17_Hashtable_traitsILb1ELb0ELb1EEEE5clearEv
FNDA:0,_ZNSt10_HashtableINSt7__cxx1112basic_stringIcSt11char_traitsIcESaIcEEESt4pairIKS5_S5_ESaIS8_ENSt8__detail10_Select1stESt8equal_toIS5_ESt4hashIS5_ENSA_18_Mod_range_hashingENSA_20_Default_ranged_hashENSA_20_Prime_rehash_policyENSA_17_Hashtable_traitsILb1ELb0ELb1EEEE5clearEv
FN:2355,_ZNSt10_HashtableINSt7__cxx1112basic_stringIcSt11char_traitsIcESaIcEEESt4pairIKS5_S5_ESaIS8_ENSt8__detail10_Select1stESt8equal_toIS5_ESt4hashIS5_ENSA_18_Mod_range_hashingENSA_20_Default_ranged_hashENSA_20_Prime_rehash_policyENSA_17_Hashtable_traitsILb1ELb0ELb1EEEE9_M_rehashEmRKm
FNDA:1,_ZNSt10_HashtableINSt7__cxx1112basic_stringIcSt11char_traitsIcESaIcEEESt4pairIKS5_S5_ESaIS8_ENSt8__detail10_Select1stESt8equal_toIS5_ESt4hashIS5_ENSA_18_Mod_range_hashingENSA_20_Default_ranged_hashENSA_20_Prime_rehash_policyENSA_17_Hashtable_traitsILb1ELb0ELb1EEEE9_M_rehashEmRKm
FN:2378,_ZNSt10_HashtableINSt7__cxx1112basic_stringIcSt11char_traitsIcESaIcEEESt4pairIKS5_S5_ESaIS8_ENSt8__detail10_Select1stESt8equal_toIS5_ESt4hashIS5_ENSA_18_Mod_range_hashingENSA_20_Default_ranged_hashENSA_20_Prime_rehash_policyENSA_17_Hashtable_traitsILb1ELb0ELb1EEEE13_M_rehash_auxEmSt17integral_constantIbLb1EE
FNDA:1,_ZNSt10_HashtableINSt7__cxx1112basic_stringIcSt11char_traitsIcESaIcEEESt4pairIKS5_S5_ESaIS8_ENSt8__detail10_Select1stESt8equal_toIS5_ESt4hashIS5_ENSA_18_Mod_range_hashingENSA_20_Default_ranged_hashENSA_20_Prime_rehash_policyENSA_17_Hashtable_traitsILb1ELb0ELb1EEEE13_M_rehash_auxEmSt17integral_constantIbLb1EE
DA:302,13
DA:303,13
DA:304,13
DA:308,13
DA:421,1
DA:422,1
DA:432,1
DA:434,1
DA:436,0
DA:437,0
DA:440,1
DA:444,1
DA:446,1
DA:449,0
DA:453,1
DA:454,1
DA:462,1
DA:463,1
DA:528,1
DA:633,2
DA:634,2
DA:790,12
DA:791,12
DA:794,16
DA:795,14
DA:807,15
DA:810,13
DA:811,15
DA:812,1
DA:1603,2
DA:1608,2
DA:1609,2
DA:1610,2
DA:1827,15
DA:1833,15
DA:1834,15
DA:1837,6
DA:1840,6
DA:1843,5
DA:1886,13
DA:1890,13
DA:1894,4
DA:1895,4
DA:1902,9
DA:1903,9
DA:1905,9
DA:1908,8
DA:1910,9
DA:1912,13
DA:2008,13
DA:2014,13
DA:2016,13
DA:2019,13
DA:2021,1
DA:2022,1
DA:2025,13
DA:2028,13
DA:2029,13
DA:2030,13
DA:2316,0
DA:2320,0
DA:2321,0
DA:2322,0
DA:2323,0
DA:2324,0
DA:2325,0
DA:2355,1
DA:2361,1
DA:2363,0
DA:2367,0
DA:2368,0
DA:2370,1
DA:2378,1
DA:2382,1
DA:2383,1
DA:2384,1
DA:2385,1
DA:2386,1
DA:2388,0
DA:2390,0
DA:2391,0
DA:2393,0
DA:2394,0
DA:2395,0
DA:2396,0
DA:2397,0
DA:2402,0
DA:2403,0
DA:2409,1
DA:2410,1
DA:2411,1
DA:2412,1
end_of_record
SF:/usr/include/c++/11/bits/move.h
DA:77,26
DA:104,19
end_of_record
SF:/usr/include/c++/11/bits/ios_base.h
DA:165,28
DA:166,28
end_of_record
SF:/usr/include/c++/11/bits/basic_ios.h
DA:117,28
DA:118,28
DA:137,28
DA:138,28
DA:201,28
DA:202,28
end_of_record
SF:/usr/include/c++/11/bits/functional_hash.h
DA:196,15
DA:198,15
end_of_record
SF:/usr/include/c++/11/bits/alloc_traits.h
DA:463,14
DA:464,14
DA:495,0
DA:496,0
DA:511,13
DA:516,13
DA:531,0
DA:535,0
DA:562,0
DA:563,0
end_of_record
SF:/usr/include/c++/11/tuple
DA:124,4
DA:192,13
DA:193,13
DA:233,17
DA:268,4
DA:424,17
DA:434,13
DA:435,13
DA:454,13
DA:456,13
DA:727,13
DA:729,13
DA:756,13
DA:1377,17
DA:1378,21
DA:1393,17
DA:1394,4
DA:1804,13
DA:1809,13
DA:1816,13
DA:1819,13
DA:1820,13
end_of_record
SF:/usr/include/c++/11/bits/stl_iterator_base_funcs.h
DA:98,0
DA:104,0
DA:138,0
DA:141,0
end_of_record
SF:/usr/include/c++/11/bits/predefined_ops.h
DA:262,54
DA:269,1300
DA:270,653
DA:276,54
DA:277,54
end_of_record
